<?xml version="1.0" encoding="UTF-8"?>
  <testsuite name="ClusterLoaderV2" tests="1" failures="1" errors="0" time="5281.76">
      <testcase name="./testing/load/config.yaml" classname="ClusterLoaderV2" time="5281.760554275">
          <failure type="Failure">:0&#xA;[namespace test-zxdrk5-1 object medium-rc-22 creation error: timed out waiting for the condition&#xA;namespace test-zxdrk5-1 object medium-rc-85 creation error: timed out waiting for the condition&#xA;namespace test-zxdrk5-1 object medium-rc-51 creation error: timed out waiting for the condition&#xA;namespace test-zxdrk5-1 object medium-rc-41 creation error: timed out waiting for the condition&#xA;namespace test-zxdrk5-2 object medium-rc-92 creation error: timed out waiting for the condition&#xA;namespace test-zxdrk5-2 object medium-rc-49 creation error: timed out waiting for the condition&#xA;namespace test-zxdrk5-1 object medium-rc-82 creation error: timed out waiting for the condition&#xA;namespace test-zxdrk5-1 object medium-rc-46 creation error: timed out waiting for the condition&#xA;namespace test-zxdrk5-2 object medium-rc-68 creation error: timed out waiting for the condition&#xA;namespace test-zxdrk5-2 object medium-rc-25 creation error: timed out waiting for the condition&#xA;namespace test-zxdrk5-2 object medium-rc-27 creation error: timed out waiting for the condition&#xA;namespace test-zxdrk5-1 object medium-rc-42 creation error: timed out waiting for the condition&#xA;namespace test-zxdrk5-2 object medium-rc-22 creation error: timed out waiting for the condition&#xA;namespace test-zxdrk5-1 object medium-rc-73 creation error: timed out waiting for the condition&#xA;namespace test-zxdrk5-1 object medium-rc-25 creation error: timed out waiting for the condition&#xA;namespace test-zxdrk5-1 object medium-rc-78 creation error: timed out waiting for the condition&#xA;namespace test-zxdrk5-2 object medium-rc-38 creation error: timed out waiting for the condition&#xA;namespace test-zxdrk5-2 object medium-rc-24 creation error: timed out waiting for the condition&#xA;namespace test-zxdrk5-2 object medium-rc-8 creation error: timed out waiting for the condition&#xA;namespace test-zxdrk5-1 object medium-rc-92 creation error: timed out waiting for the condition&#xA;namespace test-zxdrk5-2 object medium-rc-26 creation error: timed out waiting for the condition&#xA;namespace test-zxdrk5-2 object medium-rc-5 creation error: timed out waiting for the condition&#xA;namespace test-zxdrk5-2 object medium-rc-21 creation error: timed out waiting for the condition&#xA;namespace test-zxdrk5-2 object medium-rc-59 creation error: timed out waiting for the condition&#xA;namespace test-zxdrk5-1 object medium-rc-66 creation error: timed out waiting for the condition&#xA;namespace test-zxdrk5-1 object medium-rc-13 creation error: timed out waiting for the condition&#xA;namespace test-zxdrk5-1 object medium-rc-89 creation error: timed out waiting for the condition&#xA;namespace test-zxdrk5-1 object medium-rc-17 creation error: timed out waiting for the condition&#xA;namespace test-zxdrk5-1 object medium-rc-49 creation error: timed out waiting for the condition&#xA;namespace test-zxdrk5-2 object medium-rc-39 creation error: timed out waiting for the condition&#xA;namespace test-zxdrk5-2 object medium-rc-42 creation error: timed out waiting for the condition&#xA;namespace test-zxdrk5-2 object medium-rc-91 creation error: timed out waiting for the condition&#xA;namespace test-zxdrk5-1 object medium-rc-67 creation error: timed out waiting for the condition&#xA;namespace test-zxdrk5-1 object medium-rc-45 creation error: timed out waiting for the condition&#xA;namespace test-zxdrk5-1 object medium-rc-88 creation error: timed out waiting for the condition&#xA;namespace test-zxdrk5-1 object medium-rc-18 creation error: timed out waiting for the condition&#xA;namespace test-zxdrk5-1 object medium-rc-53 creation error: timed out waiting for the condition&#xA;namespace test-zxdrk5-2 object medium-rc-4 creation error: timed out waiting for the condition&#xA;namespace test-zxdrk5-2 object medium-rc-17 creation error: timed out waiting for the condition&#xA;namespace test-zxdrk5-1 object medium-rc-16 creation error: timed out waiting for the condition&#xA;namespace test-zxdrk5-1 object medium-rc-91 creation error: timed out waiting for the condition&#xA;namespace test-zxdrk5-2 object medium-rc-2 creation error: timed out waiting for the condition&#xA;namespace test-zxdrk5-2 object medium-rc-12 creation error: timed out waiting for the condition&#xA;namespace test-zxdrk5-2 object medium-rc-71 creation error: timed out waiting for the condition&#xA;namespace test-zxdrk5-2 object medium-rc-53 creation error: timed out waiting for the condition&#xA;namespace test-zxdrk5-2 object medium-rc-72 creation error: timed out waiting for the condition&#xA;namespace test-zxdrk5-2 object medium-rc-58 creation error: timed out waiting for the condition&#xA;namespace test-zxdrk5-1 object medium-rc-33 creation error: timed out waiting for the condition&#xA;namespace test-zxdrk5-1 object medium-rc-34 creation error: timed out waiting for the condition&#xA;namespace test-zxdrk5-2 object medium-rc-28 creation error: timed out waiting for the condition&#xA;namespace test-zxdrk5-1 object medium-rc-48 creation error: timed out waiting for the condition&#xA;namespace test-zxdrk5-2 object medium-rc-85 creation error: timed out waiting for the condition&#xA;namespace test-zxdrk5-1 object medium-rc-40 creation error: timed out waiting for the condition&#xA;namespace test-zxdrk5-1 object medium-rc-81 creation error: timed out waiting for the condition&#xA;namespace test-zxdrk5-1 object medium-rc-72 creation error: timed out waiting for the condition&#xA;namespace test-zxdrk5-2 object medium-rc-15 creation error: timed out waiting for the condition&#xA;namespace test-zxdrk5-1 object medium-rc-6 creation error: timed out waiting for the condition&#xA;namespace test-zxdrk5-2 object medium-rc-16 creation error: timed out waiting for the condition&#xA;namespace test-zxdrk5-2 object medium-rc-77 creation error: timed out waiting for the condition&#xA;namespace test-zxdrk5-1 object medium-rc-7 creation error: timed out waiting for the condition&#xA;namespace test-zxdrk5-2 object medium-rc-9 creation error: timed out waiting for the condition&#xA;namespace test-zxdrk5-1 object medium-rc-47 creation error: timed out waiting for the condition&#xA;namespace test-zxdrk5-2 object medium-rc-63 creation error: timed out waiting for the condition&#xA;namespace test-zxdrk5-2 object medium-rc-79 creation error: timed out waiting for the condition&#xA;namespace test-zxdrk5-1 object medium-rc-31 creation error: timed out waiting for the condition&#xA;namespace test-zxdrk5-1 object medium-rc-12 creation error: timed out waiting for the condition&#xA;namespace test-zxdrk5-1 object medium-rc-69 creation error: timed out waiting for the condition&#xA;namespace test-zxdrk5-2 object medium-rc-90 creation error: timed out waiting for the condition&#xA;namespace test-zxdrk5-1 object medium-rc-29 creation error: timed out waiting for the condition&#xA;namespace test-zxdrk5-1 object small-rc-196 creation error: timed out waiting for the condition&#xA;namespace test-zxdrk5-1 object small-rc-258 creation error: timed out waiting for the condition&#xA;namespace test-zxdrk5-1 object small-rc-70 creation error: timed out waiting for the condition&#xA;namespace test-zxdrk5-1 object small-rc-100 creation error: timed out waiting for the condition&#xA;namespace test-zxdrk5-2 object small-rc-362 creation error: timed out waiting for the condition&#xA;namespace test-zxdrk5-1 object small-rc-251 creation error: timed out waiting for the condition&#xA;namespace test-zxdrk5-1 object small-rc-14 creation error: timed out waiting for the condition&#xA;namespace test-zxdrk5-1 object small-rc-72 creation error: timed out waiting for the condition&#xA;namespace test-zxdrk5-1 object small-rc-212 creation error: timed out waiting for the condition&#xA;namespace test-zxdrk5-1 object small-rc-159 creation error: timed out waiting for the condition&#xA;namespace test-zxdrk5-1 object small-rc-10 creation error: timed out waiting for the condition&#xA;namespace test-zxdrk5-1 object small-rc-335 creation error: timed out waiting for the condition&#xA;namespace test-zxdrk5-1 object small-rc-242 creation error: timed out waiting for the condition&#xA;namespace test-zxdrk5-1 object small-rc-267 creation error: timed out waiting for the condition&#xA;namespace test-zxdrk5-1 object small-rc-156 creation error: timed out waiting for the condition&#xA;namespace test-zxdrk5-2 object small-rc-169 creation error: timed out waiting for the condition&#xA;namespace test-zxdrk5-2 object small-rc-287 creation error: timed out waiting for the condition&#xA;namespace test-zxdrk5-2 object small-rc-358 creation error: timed out waiting for the condition&#xA;namespace test-zxdrk5-2 object small-rc-21 creation error: timed out waiting for the condition&#xA;namespace test-zxdrk5-2 object small-rc-323 creation error: timed out waiting for the condition&#xA;namespace test-zxdrk5-2 object small-rc-364 creation error: timed out waiting for the condition&#xA;namespace test-zxdrk5-1 object small-rc-274 creation error: timed out waiting for the condition&#xA;namespace test-zxdrk5-1 object small-rc-38 creation error: timed out waiting for the condition&#xA;namespace test-zxdrk5-2 object small-rc-180 creation error: timed out waiting for the condition&#xA;namespace test-zxdrk5-1 object small-rc-106 creation error: timed out waiting for the condition&#xA;namespace test-zxdrk5-2 object small-rc-215 creation error: timed out waiting for the condition&#xA;namespace test-zxdrk5-2 object small-rc-83 creation error: timed out waiting for the condition&#xA;namespace test-zxdrk5-2 object small-rc-217 creation error: timed out waiting for the condition&#xA;namespace test-zxdrk5-1 object small-rc-8 creation error: timed out waiting for the condition&#xA;namespace test-zxdrk5-2 object small-rc-371 creation error: timed out waiting for the condition&#xA;namespace test-zxdrk5-2 object small-rc-146 creation error: timed out waiting for the condition&#xA;namespace test-zxdrk5-2 object small-rc-94 creation error: timed out waiting for the condition&#xA;namespace test-zxdrk5-1 object small-rc-345 creation error: timed out waiting for the condition&#xA;namespace test-zxdrk5-1 object small-rc-149 creation error: timed out waiting for the condition&#xA;namespace test-zxdrk5-1 object small-rc-22 creation error: timed out waiting for the condition&#xA;namespace test-zxdrk5-1 object small-rc-104 creation error: timed out waiting for the condition&#xA;namespace test-zxdrk5-1 object small-rc-75 creation error: timed out waiting for the condition&#xA;namespace test-zxdrk5-2 object small-rc-31 creation error: timed out waiting for the condition&#xA;namespace test-zxdrk5-1 object small-rc-13 creation error: timed out waiting for the condition&#xA;namespace test-zxdrk5-2 object small-rc-339 creation error: timed out waiting for the condition&#xA;namespace test-zxdrk5-1 object small-rc-88 creation error: timed out waiting for the condition&#xA;namespace test-zxdrk5-2 object small-rc-243 creation error: timed out waiting for the condition&#xA;namespace test-zxdrk5-2 object small-rc-44 creation error: timed out waiting for the condition&#xA;namespace test-zxdrk5-1 object small-rc-54 creation error: timed out waiting for the condition&#xA;namespace test-zxdrk5-2 object small-rc-122 creation error: timed out waiting for the condition&#xA;namespace test-zxdrk5-2 object small-rc-173 creation error: timed out waiting for the condition&#xA;namespace test-zxdrk5-2 object small-rc-22 creation error: timed out waiting for the condition&#xA;namespace test-zxdrk5-1 object small-rc-66 creation error: timed out waiting for the condition&#xA;namespace test-zxdrk5-2 object small-rc-254 creation error: timed out waiting for the condition&#xA;namespace test-zxdrk5-1 object small-rc-264 creation error: timed out waiting for the condition&#xA;namespace test-zxdrk5-2 object small-rc-127 creation error: timed out waiting for the condition&#xA;namespace test-zxdrk5-1 object small-rc-93 creation error: timed out waiting for the condition&#xA;namespace test-zxdrk5-1 object small-rc-262 creation error: timed out waiting for the condition&#xA;namespace test-zxdrk5-2 object small-rc-223 creation error: timed out waiting for the condition&#xA;namespace test-zxdrk5-1 object small-rc-225 creation error: timed out waiting for the condition&#xA;namespace test-zxdrk5-2 object small-rc-93 creation error: timed out waiting for the condition&#xA;namespace test-zxdrk5-1 object small-rc-170 creation error: timed out waiting for the condition&#xA;namespace test-zxdrk5-1 object small-rc-46 creation error: timed out waiting for the condition&#xA;namespace test-zxdrk5-2 object small-rc-245 creation error: timed out waiting for the condition&#xA;namespace test-zxdrk5-2 object small-rc-191 creation error: timed out waiting for the condition&#xA;namespace test-zxdrk5-2 object small-rc-64 creation error: timed out waiting for the condition&#xA;namespace test-zxdrk5-1 object small-rc-154 creation error: timed out waiting for the condition&#xA;namespace test-zxdrk5-1 object small-rc-117 creation error: timed out waiting for the condition&#xA;namespace test-zxdrk5-1 object small-rc-114 creation error: timed out waiting for the condition&#xA;namespace test-zxdrk5-1 object small-rc-223 creation error: timed out waiting for the condition&#xA;namespace test-zxdrk5-2 object small-rc-262 creation error: timed out waiting for the condition&#xA;namespace test-zxdrk5-2 object small-rc-55 creation error: timed out waiting for the condition&#xA;namespace test-zxdrk5-2 object small-rc-58 creation error: timed out waiting for the condition&#xA;namespace test-zxdrk5-2 object small-rc-145 creation error: timed out waiting for the condition&#xA;namespace test-zxdrk5-2 object small-rc-313 creation error: timed out waiting for the condition&#xA;namespace test-zxdrk5-2 object small-rc-200 creation error: timed out waiting for the condition&#xA;namespace test-zxdrk5-2 object small-rc-14 creation error: timed out waiting for the condition&#xA;namespace test-zxdrk5-1 object small-rc-348 creation error: timed out waiting for the condition&#xA;namespace test-zxdrk5-2 object small-rc-61 creation error: timed out waiting for the condition&#xA;namespace test-zxdrk5-1 object small-rc-81 creation error: timed out waiting for the condition&#xA;namespace test-zxdrk5-2 object small-rc-125 creation error: timed out waiting for the condition&#xA;namespace test-zxdrk5-1 object small-rc-222 creation error: timed out waiting for the condition&#xA;namespace test-zxdrk5-1 object small-rc-320 creation error: timed out waiting for the condition&#xA;namespace test-zxdrk5-1 object small-rc-34 creation error: timed out waiting for the condition&#xA;namespace test-zxdrk5-2 object small-rc-335 creation error: timed out waiting for the condition&#xA;namespace test-zxdrk5-1 object small-rc-203 creation error: timed out waiting for the condition&#xA;namespace test-zxdrk5-1 object small-rc-246 creation error: timed out waiting for the condition&#xA;namespace test-zxdrk5-1 object small-rc-181 creation error: timed out waiting for the condition&#xA;namespace test-zxdrk5-1 object small-rc-344 creation error: timed out waiting for the condition&#xA;namespace test-zxdrk5-2 object small-rc-124 creation error: timed out waiting for the condition&#xA;namespace test-zxdrk5-2 object small-rc-85 creation error: timed out waiting for the condition&#xA;namespace test-zxdrk5-2 object small-rc-135 creation error: timed out waiting for the condition&#xA;namespace test-zxdrk5-1 object small-rc-352 creation error: timed out waiting for the condition&#xA;namespace test-zxdrk5-2 object small-rc-7 creation error: timed out waiting for the condition&#xA;namespace test-zxdrk5-1 object small-rc-28 creation error: timed out waiting for the condition&#xA;namespace test-zxdrk5-1 object small-rc-86 creation error: timed out waiting for the condition&#xA;namespace test-zxdrk5-1 object small-rc-289 creation error: timed out waiting for the condition&#xA;namespace test-zxdrk5-2 object small-rc-77 creation error: timed out waiting for the condition&#xA;namespace test-zxdrk5-2 object small-rc-244 creation error: timed out waiting for the condition&#xA;namespace test-zxdrk5-2 object small-rc-133 creation error: timed out waiting for the condition&#xA;namespace test-zxdrk5-2 object small-rc-268 creation error: timed out waiting for the condition&#xA;namespace test-zxdrk5-2 object small-rc-53 creation error: timed out waiting for the condition&#xA;namespace test-zxdrk5-2 object small-rc-320 creation error: timed out waiting for the condition&#xA;namespace test-zxdrk5-1 object small-rc-123 creation error: timed out waiting for the condition&#xA;namespace test-zxdrk5-2 object small-rc-281 creation error: timed out waiting for the condition&#xA;namespace test-zxdrk5-2 object small-rc-195 creation error: timed out waiting for the condition&#xA;namespace test-zxdrk5-2 object small-rc-82 creation error: timed out waiting for the condition&#xA;namespace test-zxdrk5-1 object small-rc-204 creation error: timed out waiting for the condition&#xA;namespace test-zxdrk5-1 object small-rc-252 creation error: timed out waiting for the condition&#xA;namespace test-zxdrk5-1 object small-rc-129 creation error: timed out waiting for the condition&#xA;namespace test-zxdrk5-2 object small-rc-165 creation error: timed out waiting for the condition&#xA;namespace test-zxdrk5-2 object small-rc-237 creation error: timed out waiting for the condition&#xA;namespace test-zxdrk5-2 object small-rc-32 creation error: timed out waiting for the condition&#xA;namespace test-zxdrk5-2 object small-rc-105 creation error: timed out waiting for the condition&#xA;namespace test-zxdrk5-2 object small-rc-118 creation error: timed out waiting for the condition&#xA;namespace test-zxdrk5-2 object small-rc-109 creation error: timed out waiting for the condition&#xA;namespace test-zxdrk5-2 object small-rc-4 creation error: timed out waiting for the condition&#xA;namespace test-zxdrk5-2 object small-rc-293 creation error: timed out waiting for the condition&#xA;namespace test-zxdrk5-2 object small-rc-50 creation error: timed out waiting for the condition&#xA;namespace test-zxdrk5-1 object small-rc-208 creation error: timed out waiting for the condition&#xA;namespace test-zxdrk5-2 object small-rc-236 creation error: timed out waiting for the condition&#xA;namespace test-zxdrk5-2 object small-rc-8 creation error: timed out waiting for the condition&#xA;namespace test-zxdrk5-2 object small-rc-295 creation error: timed out waiting for the condition&#xA;namespace test-zxdrk5-1 object small-rc-69 creation error: timed out waiting for the condition&#xA;namespace test-zxdrk5-2 object small-rc-97 creation error: timed out waiting for the condition&#xA;namespace test-zxdrk5-2 object small-rc-187 creation error: timed out waiting for the condition&#xA;namespace test-zxdrk5-2 object small-rc-16 creation error: timed out waiting for the condition&#xA;namespace test-zxdrk5-2 object small-rc-95 creation error: timed out waiting for the condition&#xA;namespace test-zxdrk5-1 object small-rc-366 creation error: timed out waiting for the condition&#xA;namespace test-zxdrk5-2 object small-rc-139 creation error: timed out waiting for the condition&#xA;namespace test-zxdrk5-2 object small-rc-120 creation error: timed out waiting for the condition&#xA;namespace test-zxdrk5-2 object small-rc-156 creation error: timed out waiting for the condition&#xA;namespace test-zxdrk5-2 object small-rc-10 creation error: timed out waiting for the condition&#xA;namespace test-zxdrk5-2 object small-rc-214 creation error: timed out waiting for the condition&#xA;namespace test-zxdrk5-2 object small-rc-147 creation error: timed out waiting for the condition&#xA;namespace test-zxdrk5-1 object small-rc-227 creation error: timed out waiting for the condition&#xA;namespace test-zxdrk5-2 object small-rc-265 creation error: timed out waiting for the condition&#xA;namespace test-zxdrk5-2 object small-rc-112 creation error: timed out waiting for the condition&#xA;namespace test-zxdrk5-2 object small-rc-247 creation error: timed out waiting for the condition&#xA;namespace test-zxdrk5-2 object small-rc-282 creation error: timed out waiting for the condition&#xA;namespace test-zxdrk5-2 object small-rc-232 creation error: timed out waiting for the condition&#xA;namespace test-zxdrk5-2 object small-rc-68 creation error: timed out waiting for the condition&#xA;namespace test-zxdrk5-1 object small-rc-297 creation error: timed out waiting for the condition&#xA;namespace test-zxdrk5-1 object small-rc-245 creation error: timed out waiting for the condition&#xA;namespace test-zxdrk5-1 object small-rc-102 creation error: timed out waiting for the condition&#xA;namespace test-zxdrk5-2 object small-rc-88 creation error: timed out waiting for the condition&#xA;namespace test-zxdrk5-1 object small-rc-84 creation error: timed out waiting for the condition&#xA;namespace test-zxdrk5-1 object small-rc-373 creation error: timed out waiting for the condition&#xA;namespace test-zxdrk5-2 object small-rc-257 creation error: timed out waiting for the condition&#xA;namespace test-zxdrk5-1 object small-rc-146 creation error: timed out waiting for the condition&#xA;namespace test-zxdrk5-1 object small-rc-307 creation error: timed out waiting for the condition&#xA;namespace test-zxdrk5-1 object small-rc-215 creation error: timed out waiting for the condition&#xA;namespace test-zxdrk5-1 object small-rc-19 creation error: timed out waiting for the condition&#xA;namespace test-zxdrk5-2 object small-rc-372 creation error: timed out waiting for the condition&#xA;namespace test-zxdrk5-2 object small-rc-326 creation error: timed out waiting for the condition&#xA;namespace test-zxdrk5-1 object small-rc-63 creation error: timed out waiting for the condition&#xA;namespace test-zxdrk5-1 object small-rc-205 creation error: timed out waiting for the condition&#xA;namespace test-zxdrk5-1 object small-rc-359 creation error: timed out waiting for the condition&#xA;namespace test-zxdrk5-1 object small-rc-374 creation error: timed out waiting for the condition&#xA;namespace test-zxdrk5-1 object small-rc-59 creation error: timed out waiting for the condition&#xA;namespace test-zxdrk5-1 object small-rc-221 creation error: timed out waiting for the condition&#xA;namespace test-zxdrk5-1 object small-rc-312 creation error: timed out waiting for the condition&#xA;namespace test-zxdrk5-2 object small-rc-367 creation error: timed out waiting for the condition&#xA;namespace test-zxdrk5-1 object small-rc-128 creation error: timed out waiting for the condition&#xA;namespace test-zxdrk5-2 object small-rc-233 creation error: timed out waiting for the condition&#xA;namespace test-zxdrk5-2 object small-rc-19 creation error: timed out waiting for the condition&#xA;namespace test-zxdrk5-2 object small-rc-231 creation error: timed out waiting for the condition&#xA;namespace test-zxdrk5-2 object small-rc-24 creation error: timed out waiting for the condition&#xA;namespace test-zxdrk5-2 object small-rc-15 creation error: timed out waiting for the condition&#xA;namespace test-zxdrk5-2 object small-rc-286 creation error: timed out waiting for the condition&#xA;namespace test-zxdrk5-1 object small-rc-330 creation error: timed out waiting for the condition&#xA;namespace test-zxdrk5-2 object small-rc-310 creation error: timed out waiting for the condition&#xA;namespace test-zxdrk5-1 object small-rc-68 creation error: timed out waiting for the condition&#xA;namespace test-zxdrk5-2 object small-rc-42 creation error: timed out waiting for the condition&#xA;namespace test-zxdrk5-2 object small-rc-204 creation error: timed out waiting for the condition&#xA;namespace test-zxdrk5-2 object small-rc-148 creation error: timed out waiting for the condition&#xA;namespace test-zxdrk5-1 object small-rc-58 creation error: timed out waiting for the condition&#xA;namespace test-zxdrk5-1 object small-rc-207 creation error: timed out waiting for the condition&#xA;namespace test-zxdrk5-1 object small-rc-250 creation error: timed out waiting for the condition&#xA;namespace test-zxdrk5-2 object small-rc-288 creation error: timed out waiting for the condition&#xA;namespace test-zxdrk5-1 object small-rc-214 creation error: timed out waiting for the condition&#xA;namespace test-zxdrk5-1 object small-rc-247 creation error: timed out waiting for the condition&#xA;namespace test-zxdrk5-1 object small-rc-177 creation error: timed out waiting for the condition&#xA;namespace test-zxdrk5-2 object small-rc-113 creation error: timed out waiting for the condition&#xA;namespace test-zxdrk5-2 object small-rc-370 creation error: timed out waiting for the condition&#xA;namespace test-zxdrk5-2 object small-rc-351 creation error: timed out waiting for the condition&#xA;namespace test-zxdrk5-1 object small-rc-339 creation error: timed out waiting for the condition&#xA;namespace test-zxdrk5-1 object small-rc-236 creation error: timed out waiting for the condition&#xA;namespace test-zxdrk5-1 object small-rc-231 creation error: timed out waiting for the condition&#xA;namespace test-zxdrk5-1 object small-rc-168 creation error: timed out waiting for the condition&#xA;namespace test-zxdrk5-2 object small-rc-106 creation error: timed out waiting for the condition&#xA;namespace test-zxdrk5-1 object small-rc-233 creation error: timed out waiting for the condition&#xA;namespace test-zxdrk5-2 object small-rc-11 creation error: timed out waiting for the condition&#xA;namespace test-zxdrk5-1 object small-rc-331 creation error: timed out waiting for the condition&#xA;namespace test-zxdrk5-1 object small-rc-238 creation error: timed out waiting for the condition&#xA;namespace test-zxdrk5-1 object small-rc-219 creation error: timed out waiting for the condition&#xA;namespace test-zxdrk5-1 object small-rc-193 creation error: timed out waiting for the condition&#xA;namespace test-zxdrk5-1 object small-rc-171 creation error: timed out waiting for the condition&#xA;namespace test-zxdrk5-1 object small-rc-142 creation error: timed out waiting for the condition&#xA;namespace test-zxdrk5-1 object small-rc-132 creation error: timed out waiting for the condition&#xA;namespace test-zxdrk5-2 object small-rc-168 creation error: timed out waiting for the condition&#xA;namespace test-zxdrk5-2 object small-rc-193 creation error: timed out waiting for the condition&#xA;namespace test-zxdrk5-1 object small-rc-234 creation error: timed out waiting for the condition&#xA;namespace test-zxdrk5-1 object small-rc-90 creation error: timed out waiting for the condition&#xA;namespace test-zxdrk5-1 object small-rc-155 creation error: timed out waiting for the condition&#xA;namespace test-zxdrk5-2 object small-rc-157 creation error: timed out waiting for the condition&#xA;namespace test-zxdrk5-2 object small-rc-34 creation error: timed out waiting for the condition&#xA;namespace test-zxdrk5-1 object small-rc-191 creation error: timed out waiting for the condition&#xA;namespace test-zxdrk5-2 object small-rc-1 creation error: timed out waiting for the condition&#xA;namespace test-zxdrk5-2 object small-rc-48 creation error: timed out waiting for the condition&#xA;namespace test-zxdrk5-2 object small-rc-312 creation error: timed out waiting for the condition&#xA;namespace test-zxdrk5-1 object small-rc-343 creation error: timed out waiting for the condition&#xA;namespace test-zxdrk5-2 object small-rc-205 creation error: timed out waiting for the condition&#xA;namespace test-zxdrk5-2 object small-rc-374 creation error: timed out waiting for the condition&#xA;namespace test-zxdrk5-1 object small-rc-122 creation error: timed out waiting for the condition&#xA;namespace test-zxdrk5-1 object small-rc-216 creation error: timed out waiting for the condition&#xA;namespace test-zxdrk5-1 object small-rc-37 creation error: timed out waiting for the condition&#xA;namespace test-zxdrk5-2 object small-rc-279 creation error: timed out waiting for the condition&#xA;namespace test-zxdrk5-2 object small-rc-258 creation error: timed out waiting for the condition&#xA;namespace test-zxdrk5-1 object small-rc-5 creation error: timed out waiting for the condition&#xA;namespace test-zxdrk5-2 object small-rc-103 creation error: timed out waiting for the condition&#xA;namespace test-zxdrk5-2 object small-rc-129 creation error: timed out waiting for the condition&#xA;namespace test-zxdrk5-2 object small-rc-235 creation error: timed out waiting for the condition&#xA;namespace test-zxdrk5-2 object small-rc-305 creation error: timed out waiting for the condition&#xA;namespace test-zxdrk5-1 object small-rc-118 creation error: timed out waiting for the condition&#xA;namespace test-zxdrk5-1 object small-rc-362 creation error: timed out waiting for the condition&#xA;namespace test-zxdrk5-1 object small-rc-338 creation error: timed out waiting for the condition&#xA;namespace test-zxdrk5-2 object small-rc-271 creation error: timed out waiting for the condition&#xA;namespace test-zxdrk5-1 object small-rc-150 creation error: timed out waiting for the condition&#xA;namespace test-zxdrk5-1 object small-rc-158 creation error: timed out waiting for the condition&#xA;namespace test-zxdrk5-1 object small-rc-169 creation error: timed out waiting for the condition&#xA;namespace test-zxdrk5-2 object small-rc-74 creation error: timed out waiting for the condition&#xA;namespace test-zxdrk5-2 object small-rc-277 creation error: timed out waiting for the condition&#xA;namespace test-zxdrk5-2 object small-rc-37 creation error: timed out waiting for the condition&#xA;namespace test-zxdrk5-1 object small-rc-298 creation error: timed out waiting for the condition&#xA;namespace test-zxdrk5-2 object small-rc-69 creation error: timed out waiting for the condition&#xA;namespace test-zxdrk5-1 object small-rc-141 creation error: timed out waiting for the condition&#xA;namespace test-zxdrk5-1 object small-rc-83 creation error: timed out waiting for the condition&#xA;namespace test-zxdrk5-2 object small-rc-134 creation error: timed out waiting for the condition&#xA;namespace test-zxdrk5-1 object small-rc-291 creation error: timed out waiting for the condition&#xA;namespace test-zxdrk5-1 object small-rc-232 creation error: timed out waiting for the condition&#xA;namespace test-zxdrk5-2 object small-rc-43 creation error: timed out waiting for the condition&#xA;namespace test-zxdrk5-1 object small-rc-213 creation error: timed out waiting for the condition&#xA;namespace test-zxdrk5-1 object small-rc-218 creation error: timed out waiting for the condition&#xA;namespace test-zxdrk5-2 object small-rc-0 creation error: timed out waiting for the condition&#xA;namespace test-zxdrk5-1 object small-rc-229 creation error: timed out waiting for the condition&#xA;namespace test-zxdrk5-1 object small-rc-94 creation error: timed out waiting for the condition&#xA;namespace test-zxdrk5-1 object small-rc-125 creation error: timed out waiting for the condition&#xA;namespace test-zxdrk5-2 object small-rc-359 creation error: timed out waiting for the condition&#xA;namespace test-zxdrk5-2 object small-rc-54 creation error: timed out waiting for the condition&#xA;namespace test-zxdrk5-2 object small-rc-322 creation error: timed out waiting for the condition&#xA;namespace test-zxdrk5-1 object small-rc-235 creation error: timed out waiting for the condition&#xA;namespace test-zxdrk5-1 object small-rc-255 creation error: timed out waiting for the condition&#xA;namespace test-zxdrk5-1 object small-rc-179 creation error: timed out waiting for the condition&#xA;namespace test-zxdrk5-1 object small-rc-62 creation error: timed out waiting for the condition&#xA;namespace test-zxdrk5-2 object small-rc-361 creation error: timed out waiting for the condition&#xA;namespace test-zxdrk5-1 object small-rc-51 creation error: timed out waiting for the condition&#xA;namespace test-zxdrk5-2 object small-rc-329 creation error: timed out waiting for the condition&#xA;namespace test-zxdrk5-1 object small-rc-82 creation error: timed out waiting for the condition&#xA;namespace test-zxdrk5-2 object small-rc-298 creation error: timed out waiting for the condition&#xA;namespace test-zxdrk5-1 object small-rc-105 creation error: timed out waiting for the condition&#xA;namespace test-zxdrk5-1 object small-rc-101 creation error: timed out waiting for the condition&#xA;namespace test-zxdrk5-2 object small-rc-132 creation error: timed out waiting for the condition&#xA;namespace test-zxdrk5-2 object small-rc-222 creation error: timed out waiting for the condition&#xA;namespace test-zxdrk5-1 object small-rc-372 creation error: timed out waiting for the condition&#xA;namespace test-zxdrk5-1 object small-rc-57 creation error: timed out waiting for the condition&#xA;namespace test-zxdrk5-1 object small-rc-220 creation error: timed out waiting for the condition&#xA;namespace test-zxdrk5-1 object small-rc-61 creation error: timed out waiting for the condition&#xA;namespace test-zxdrk5-2 object small-rc-253 creation error: timed out waiting for the condition&#xA;namespace test-zxdrk5-1 object small-rc-77 creation error: timed out waiting for the condition&#xA;namespace test-zxdrk5-1 object small-rc-367 creation error: timed out waiting for the condition&#xA;namespace test-zxdrk5-2 object small-rc-143 creation error: timed out waiting for the condition&#xA;namespace test-zxdrk5-1 object small-rc-354 creation error: timed out waiting for the condition&#xA;namespace test-zxdrk5-2 object small-rc-29 creation error: timed out waiting for the condition&#xA;namespace test-zxdrk5-1 object small-rc-277 creation error: timed out waiting for the condition&#xA;namespace test-zxdrk5-2 object small-rc-12 creation error: timed out waiting for the condition&#xA;namespace test-zxdrk5-1 object small-rc-357 creation error: timed out waiting for the condition&#xA;namespace test-zxdrk5-2 object small-rc-270 creation error: timed out waiting for the condition&#xA;namespace test-zxdrk5-2 object small-rc-345 creation error: timed out waiting for the condition&#xA;namespace test-zxdrk5-2 object small-rc-128 creation error: timed out waiting for the condition&#xA;namespace test-zxdrk5-2 object small-rc-41 creation error: timed out waiting for the condition&#xA;namespace test-zxdrk5-2 object small-rc-17 creation error: timed out waiting for the condition&#xA;namespace test-zxdrk5-2 object small-rc-186 creation error: timed out waiting for the condition&#xA;namespace test-zxdrk5-2 object small-rc-86 creation error: timed out waiting for the condition&#xA;namespace test-zxdrk5-2 object small-rc-292 creation error: timed out waiting for the condition&#xA;namespace test-zxdrk5-2 object small-rc-100 creation error: timed out waiting for the condition&#xA;namespace test-zxdrk5-1 object small-rc-342 creation error: timed out waiting for the condition&#xA;namespace test-zxdrk5-2 object small-rc-249 creation error: timed out waiting for the condition&#xA;namespace test-zxdrk5-2 object small-rc-192 creation error: timed out waiting for the condition&#xA;namespace test-zxdrk5-2 object small-rc-194 creation error: timed out waiting for the condition&#xA;namespace test-zxdrk5-2 object small-rc-20 creation error: timed out waiting for the condition&#xA;namespace test-zxdrk5-2 object small-rc-296 creation error: timed out waiting for the condition&#xA;namespace test-zxdrk5-1 object small-rc-188 creation error: timed out waiting for the condition&#xA;namespace test-zxdrk5-1 object small-rc-78 creation error: timed out waiting for the condition&#xA;namespace test-zxdrk5-1 object small-rc-32 creation error: timed out waiting for the condition&#xA;namespace test-zxdrk5-1 object small-rc-206 creation error: timed out waiting for the condition&#xA;namespace test-zxdrk5-2 object small-rc-300 creation error: timed out waiting for the condition&#xA;namespace test-zxdrk5-1 object small-rc-48 creation error: timed out waiting for the condition&#xA;namespace test-zxdrk5-2 object small-rc-18 creation error: timed out waiting for the condition&#xA;namespace test-zxdrk5-1 object small-rc-164 creation error: timed out waiting for the condition&#xA;namespace test-zxdrk5-1 object small-rc-41 creation error: timed out waiting for the condition&#xA;namespace test-zxdrk5-2 object small-rc-66 creation error: timed out waiting for the condition&#xA;namespace test-zxdrk5-2 object small-rc-212 creation error: timed out waiting for the condition&#xA;namespace test-zxdrk5-1 object small-rc-11 creation error: timed out waiting for the condition&#xA;namespace test-zxdrk5-1 object small-rc-319 creation error: timed out waiting for the condition&#xA;namespace test-zxdrk5-2 object small-rc-2 creation error: timed out waiting for the condition&#xA;namespace test-zxdrk5-1 object small-rc-107 creation error: timed out waiting for the condition&#xA;namespace test-zxdrk5-1 object small-rc-244 creation error: timed out waiting for the condition&#xA;namespace test-zxdrk5-2 object small-rc-369 creation error: timed out waiting for the condition&#xA;namespace test-zxdrk5-1 object small-rc-302 creation error: timed out waiting for the condition&#xA;namespace test-zxdrk5-2 object small-rc-261 creation error: timed out waiting for the condition&#xA;namespace test-zxdrk5-1 object small-rc-261 creation error: timed out waiting for the condition&#xA;namespace test-zxdrk5-2 object small-rc-67 creation error: timed out waiting for the condition&#xA;namespace test-zxdrk5-2 object small-rc-314 creation error: timed out waiting for the condition&#xA;namespace test-zxdrk5-1 object small-rc-134 creation error: timed out waiting for the condition&#xA;namespace test-zxdrk5-1 object small-rc-270 creation error: timed out waiting for the condition&#xA;namespace test-zxdrk5-1 object small-rc-183 creation error: timed out waiting for the condition&#xA;namespace test-zxdrk5-1 object small-rc-98 creation error: timed out waiting for the condition&#xA;namespace test-zxdrk5-1 object small-rc-355 creation error: timed out waiting for the condition&#xA;namespace test-zxdrk5-1 object small-rc-360 creation error: timed out waiting for the condition&#xA;namespace test-zxdrk5-1 object small-rc-189 creation error: timed out waiting for the condition&#xA;measurement call WaitForControlledPodsRunning - WaitForRunningRCs error: incorrect objects number&#xA;namespace test-zxdrk5-1 object medium-rc-85 updating error: replicationcontrollers &#34;medium-rc-85&#34; not found&#xA;namespace test-zxdrk5-1 object medium-rc-53 updating error: replicationcontrollers &#34;medium-rc-53&#34; not found&#xA;namespace test-zxdrk5-1 object medium-rc-91 updating error: replicationcontrollers &#34;medium-rc-91&#34; not found&#xA;namespace test-zxdrk5-1 object medium-rc-29 updating error: replicationcontrollers &#34;medium-rc-29&#34; not found&#xA;namespace test-zxdrk5-1 object medium-rc-78 updating error: replicationcontrollers &#34;medium-rc-78&#34; not found&#xA;namespace test-zxdrk5-2 object medium-rc-72 updating error: replicationcontrollers &#34;medium-rc-72&#34; not found&#xA;namespace test-zxdrk5-2 object medium-rc-79 updating error: replicationcontrollers &#34;medium-rc-79&#34; not found&#xA;namespace test-zxdrk5-2 object medium-rc-71 updating error: replicationcontrollers &#34;medium-rc-71&#34; not found&#xA;namespace test-zxdrk5-2 object medium-rc-49 updating error: replicationcontrollers &#34;medium-rc-49&#34; not found&#xA;namespace test-zxdrk5-1 object medium-rc-40 updating error: replicationcontrollers &#34;medium-rc-40&#34; not found&#xA;namespace test-zxdrk5-1 object medium-rc-73 updating error: replicationcontrollers &#34;medium-rc-73&#34; not found&#xA;namespace test-zxdrk5-2 object medium-rc-22 updating error: replicationcontrollers &#34;medium-rc-22&#34; not found&#xA;namespace test-zxdrk5-2 object medium-rc-15 updating error: replicationcontrollers &#34;medium-rc-15&#34; not found&#xA;namespace test-zxdrk5-2 object medium-rc-90 updating error: replicationcontrollers &#34;medium-rc-90&#34; not found&#xA;namespace test-zxdrk5-1 object medium-rc-47 updating error: replicationcontrollers &#34;medium-rc-47&#34; not found&#xA;namespace test-zxdrk5-1 object medium-rc-48 updating error: replicationcontrollers &#34;medium-rc-48&#34; not found&#xA;namespace test-zxdrk5-1 object medium-rc-33 updating error: replicationcontrollers &#34;medium-rc-33&#34; not found&#xA;namespace test-zxdrk5-2 object medium-rc-38 updating error: replicationcontrollers &#34;medium-rc-38&#34; not found&#xA;namespace test-zxdrk5-1 object medium-rc-7 updating error: replicationcontrollers &#34;medium-rc-7&#34; not found&#xA;namespace test-zxdrk5-1 object medium-rc-72 updating error: replicationcontrollers &#34;medium-rc-72&#34; not found&#xA;namespace test-zxdrk5-2 object medium-rc-17 updating error: replicationcontrollers &#34;medium-rc-17&#34; not found&#xA;namespace test-zxdrk5-2 object medium-rc-85 updating error: replicationcontrollers &#34;medium-rc-85&#34; not found&#xA;namespace test-zxdrk5-2 object medium-rc-9 updating error: replicationcontrollers &#34;medium-rc-9&#34; not found&#xA;namespace test-zxdrk5-1 object medium-rc-66 updating error: replicationcontrollers &#34;medium-rc-66&#34; not found&#xA;namespace test-zxdrk5-2 object medium-rc-42 updating error: replicationcontrollers &#34;medium-rc-42&#34; not found&#xA;namespace test-zxdrk5-2 object medium-rc-28 updating error: replicationcontrollers &#34;medium-rc-28&#34; not found&#xA;namespace test-zxdrk5-1 object medium-rc-46 updating error: replicationcontrollers &#34;medium-rc-46&#34; not found&#xA;namespace test-zxdrk5-2 object medium-rc-16 updating error: replicationcontrollers &#34;medium-rc-16&#34; not found&#xA;namespace test-zxdrk5-1 object medium-rc-31 updating error: replicationcontrollers &#34;medium-rc-31&#34; not found&#xA;namespace test-zxdrk5-1 object medium-rc-51 updating error: replicationcontrollers &#34;medium-rc-51&#34; not found&#xA;namespace test-zxdrk5-2 object medium-rc-91 updating error: replicationcontrollers &#34;medium-rc-91&#34; not found&#xA;namespace test-zxdrk5-2 object medium-rc-8 updating error: replicationcontrollers &#34;medium-rc-8&#34; not found&#xA;namespace test-zxdrk5-2 object medium-rc-25 updating error: replicationcontrollers &#34;medium-rc-25&#34; not found&#xA;namespace test-zxdrk5-2 object medium-rc-26 updating error: replicationcontrollers &#34;medium-rc-26&#34; not found&#xA;namespace test-zxdrk5-2 object medium-rc-27 updating error: replicationcontrollers &#34;medium-rc-27&#34; not found&#xA;namespace test-zxdrk5-1 object medium-rc-92 updating error: replicationcontrollers &#34;medium-rc-92&#34; not found&#xA;namespace test-zxdrk5-2 object medium-rc-58 updating error: replicationcontrollers &#34;medium-rc-58&#34; not found&#xA;namespace test-zxdrk5-2 object medium-rc-5 updating error: replicationcontrollers &#34;medium-rc-5&#34; not found&#xA;namespace test-zxdrk5-2 object medium-rc-59 updating error: replicationcontrollers &#34;medium-rc-59&#34; not found&#xA;namespace test-zxdrk5-1 object medium-rc-88 updating error: replicationcontrollers &#34;medium-rc-88&#34; not found&#xA;namespace test-zxdrk5-1 object medium-rc-45 updating error: replicationcontrollers &#34;medium-rc-45&#34; not found&#xA;namespace test-zxdrk5-2 object medium-rc-53 updating error: replicationcontrollers &#34;medium-rc-53&#34; not found&#xA;namespace test-zxdrk5-2 object medium-rc-12 updating error: replicationcontrollers &#34;medium-rc-12&#34; not found&#xA;namespace test-zxdrk5-1 object medium-rc-67 updating error: replicationcontrollers &#34;medium-rc-67&#34; not found&#xA;namespace test-zxdrk5-1 object medium-rc-25 updating error: replicationcontrollers &#34;medium-rc-25&#34; not found&#xA;namespace test-zxdrk5-1 object medium-rc-69 updating error: replicationcontrollers &#34;medium-rc-69&#34; not found&#xA;namespace test-zxdrk5-2 object medium-rc-92 updating error: replicationcontrollers &#34;medium-rc-92&#34; not found&#xA;namespace test-zxdrk5-1 object medium-rc-22 updating error: replicationcontrollers &#34;medium-rc-22&#34; not found&#xA;namespace test-zxdrk5-1 object medium-rc-81 updating error: replicationcontrollers &#34;medium-rc-81&#34; not found&#xA;namespace test-zxdrk5-2 object medium-rc-63 updating error: replicationcontrollers &#34;medium-rc-63&#34; not found&#xA;namespace test-zxdrk5-1 object medium-rc-6 updating error: replicationcontrollers &#34;medium-rc-6&#34; not found&#xA;namespace test-zxdrk5-1 object medium-rc-12 updating error: replicationcontrollers &#34;medium-rc-12&#34; not found&#xA;namespace test-zxdrk5-2 object medium-rc-68 updating error: replicationcontrollers &#34;medium-rc-68&#34; not found&#xA;namespace test-zxdrk5-1 object medium-rc-49 updating error: replicationcontrollers &#34;medium-rc-49&#34; not found&#xA;namespace test-zxdrk5-1 object medium-rc-42 updating error: replicationcontrollers &#34;medium-rc-42&#34; not found&#xA;namespace test-zxdrk5-1 object medium-rc-41 updating error: replicationcontrollers &#34;medium-rc-41&#34; not found&#xA;namespace test-zxdrk5-1 object medium-rc-82 updating error: replicationcontrollers &#34;medium-rc-82&#34; not found&#xA;namespace test-zxdrk5-2 object medium-rc-21 updating error: replicationcontrollers &#34;medium-rc-21&#34; not found&#xA;namespace test-zxdrk5-1 object medium-rc-18 updating error: replicationcontrollers &#34;medium-rc-18&#34; not found&#xA;namespace test-zxdrk5-2 object medium-rc-77 updating error: replicationcontrollers &#34;medium-rc-77&#34; not found&#xA;namespace test-zxdrk5-2 object medium-rc-2 updating error: replicationcontrollers &#34;medium-rc-2&#34; not found&#xA;namespace test-zxdrk5-2 object medium-rc-24 updating error: replicationcontrollers &#34;medium-rc-24&#34; not found&#xA;namespace test-zxdrk5-1 object medium-rc-16 updating error: replicationcontrollers &#34;medium-rc-16&#34; not found&#xA;namespace test-zxdrk5-1 object medium-rc-34 updating error: replicationcontrollers &#34;medium-rc-34&#34; not found&#xA;namespace test-zxdrk5-1 object medium-rc-13 updating error: replicationcontrollers &#34;medium-rc-13&#34; not found&#xA;namespace test-zxdrk5-2 object medium-rc-39 updating error: replicationcontrollers &#34;medium-rc-39&#34; not found&#xA;namespace test-zxdrk5-2 object medium-rc-4 updating error: replicationcontrollers &#34;medium-rc-4&#34; not found&#xA;namespace test-zxdrk5-2 object small-rc-212 updating error: replicationcontrollers &#34;small-rc-212&#34; not found&#xA;namespace test-zxdrk5-1 object small-rc-75 updating error: replicationcontrollers &#34;small-rc-75&#34; not found&#xA;namespace test-zxdrk5-1 object small-rc-13 updating error: replicationcontrollers &#34;small-rc-13&#34; not found&#xA;namespace test-zxdrk5-2 object small-rc-43 updating error: replicationcontrollers &#34;small-rc-43&#34; not found&#xA;namespace test-zxdrk5-2 object small-rc-22 updating error: replicationcontrollers &#34;small-rc-22&#34; not found&#xA;namespace test-zxdrk5-1 object small-rc-262 updating error: replicationcontrollers &#34;small-rc-262&#34; not found&#xA;namespace test-zxdrk5-1 object small-rc-101 updating error: replicationcontrollers &#34;small-rc-101&#34; not found&#xA;namespace test-zxdrk5-1 object small-rc-264 updating error: replicationcontrollers &#34;small-rc-264&#34; not found&#xA;namespace test-zxdrk5-1 object small-rc-335 updating error: replicationcontrollers &#34;small-rc-335&#34; not found&#xA;namespace test-zxdrk5-1 object small-rc-149 updating error: replicationcontrollers &#34;small-rc-149&#34; not found&#xA;namespace test-zxdrk5-1 object small-rc-343 updating error: replicationcontrollers &#34;small-rc-343&#34; not found&#xA;namespace test-zxdrk5-1 object small-rc-8 updating error: replicationcontrollers &#34;small-rc-8&#34; not found&#xA;namespace test-zxdrk5-2 object small-rc-362 updating error: replicationcontrollers &#34;small-rc-362&#34; not found&#xA;namespace test-zxdrk5-2 object small-rc-132 updating error: replicationcontrollers &#34;small-rc-132&#34; not found&#xA;namespace test-zxdrk5-1 object small-rc-41 updating error: replicationcontrollers &#34;small-rc-41&#34; not found&#xA;namespace test-zxdrk5-2 object small-rc-195 updating error: replicationcontrollers &#34;small-rc-195&#34; not found&#xA;namespace test-zxdrk5-2 object small-rc-370 updating error: replicationcontrollers &#34;small-rc-370&#34; not found&#xA;namespace test-zxdrk5-1 object small-rc-181 updating error: replicationcontrollers &#34;small-rc-181&#34; not found&#xA;namespace test-zxdrk5-1 object small-rc-66 updating error: replicationcontrollers &#34;small-rc-66&#34; not found&#xA;namespace test-zxdrk5-2 object small-rc-135 updating error: Get https://10.21.1.17:6443/api/v1/namespaces/test-zxdrk5-2/replicationcontrollers/small-rc-135: stream error: stream ID 1959; INTERNAL_ERROR&#xA;namespace test-zxdrk5-2 object small-rc-50 updating error: replicationcontrollers &#34;small-rc-50&#34; not found&#xA;namespace test-zxdrk5-2 object small-rc-19 updating error: replicationcontrollers &#34;small-rc-19&#34; not found&#xA;namespace test-zxdrk5-2 object small-rc-372 updating error: replicationcontrollers &#34;small-rc-372&#34; not found&#xA;namespace test-zxdrk5-2 object small-rc-215 updating error: replicationcontrollers &#34;small-rc-215&#34; not found&#xA;namespace test-zxdrk5-2 object small-rc-359 updating error: replicationcontrollers &#34;small-rc-359&#34; not found&#xA;namespace test-zxdrk5-1 object small-rc-117 updating error: replicationcontrollers &#34;small-rc-117&#34; not found&#xA;namespace test-zxdrk5-1 object small-rc-125 updating error: replicationcontrollers &#34;small-rc-125&#34; not found&#xA;namespace test-zxdrk5-1 object small-rc-156 updating error: replicationcontrollers &#34;small-rc-156&#34; not found&#xA;namespace test-zxdrk5-1 object small-rc-234 updating error: replicationcontrollers &#34;small-rc-234&#34; not found&#xA;namespace test-zxdrk5-1 object small-rc-258 updating error: replicationcontrollers &#34;small-rc-258&#34; not found&#xA;namespace test-zxdrk5-2 object small-rc-14 updating error: replicationcontrollers &#34;small-rc-14&#34; not found&#xA;namespace test-zxdrk5-2 object small-rc-53 updating error: replicationcontrollers &#34;small-rc-53&#34; not found&#xA;namespace test-zxdrk5-1 object small-rc-189 updating error: replicationcontrollers &#34;small-rc-189&#34; not found&#xA;namespace test-zxdrk5-2 object small-rc-270 updating error: replicationcontrollers &#34;small-rc-270&#34; not found&#xA;namespace test-zxdrk5-1 object small-rc-159 updating error: replicationcontrollers &#34;small-rc-159&#34; not found&#xA;namespace test-zxdrk5-1 object small-rc-98 updating error: replicationcontrollers &#34;small-rc-98&#34; not found&#xA;namespace test-zxdrk5-2 object small-rc-265 updating error: replicationcontrollers &#34;small-rc-265&#34; not found&#xA;namespace test-zxdrk5-2 object small-rc-193 updating error: replicationcontrollers &#34;small-rc-193&#34; not found&#xA;namespace test-zxdrk5-1 object small-rc-231 updating error: replicationcontrollers &#34;small-rc-231&#34; not found&#xA;namespace test-zxdrk5-1 object small-rc-141 updating error: replicationcontrollers &#34;small-rc-141&#34; not found&#xA;namespace test-zxdrk5-2 object small-rc-233 updating error: replicationcontrollers &#34;small-rc-233&#34; not found&#xA;namespace test-zxdrk5-1 object small-rc-100 updating error: replicationcontrollers &#34;small-rc-100&#34; not found&#xA;namespace test-zxdrk5-2 object small-rc-314 updating error: replicationcontrollers &#34;small-rc-314&#34; not found&#xA;namespace test-zxdrk5-2 object small-rc-237 updating error: replicationcontrollers &#34;small-rc-237&#34; not found&#xA;namespace test-zxdrk5-2 object small-rc-133 updating error: replicationcontrollers &#34;small-rc-133&#34; not found&#xA;namespace test-zxdrk5-1 object small-rc-132 updating error: replicationcontrollers &#34;small-rc-132&#34; not found&#xA;namespace test-zxdrk5-1 object small-rc-93 updating error: replicationcontrollers &#34;small-rc-93&#34; not found&#xA;namespace test-zxdrk5-1 object small-rc-118 updating error: replicationcontrollers &#34;small-rc-118&#34; not found&#xA;namespace test-zxdrk5-2 object small-rc-271 updating error: replicationcontrollers &#34;small-rc-271&#34; not found&#xA;namespace test-zxdrk5-2 object small-rc-249 updating error: replicationcontrollers &#34;small-rc-249&#34; not found&#xA;namespace test-zxdrk5-2 object small-rc-68 updating error: replicationcontrollers &#34;small-rc-68&#34; not found&#xA;namespace test-zxdrk5-2 object small-rc-187 updating error: replicationcontrollers &#34;small-rc-187&#34; not found&#xA;namespace test-zxdrk5-1 object small-rc-359 updating error: replicationcontrollers &#34;small-rc-359&#34; not found&#xA;namespace test-zxdrk5-1 object small-rc-225 updating error: replicationcontrollers &#34;small-rc-225&#34; not found&#xA;namespace test-zxdrk5-2 object small-rc-244 updating error: replicationcontrollers &#34;small-rc-244&#34; not found&#xA;namespace test-zxdrk5-2 object small-rc-296 updating error: replicationcontrollers &#34;small-rc-296&#34; not found&#xA;namespace test-zxdrk5-1 object small-rc-319 updating error: replicationcontrollers &#34;small-rc-319&#34; not found&#xA;namespace test-zxdrk5-2 object small-rc-113 updating error: replicationcontrollers &#34;small-rc-113&#34; not found&#xA;namespace test-zxdrk5-2 object small-rc-118 updating error: replicationcontrollers &#34;small-rc-118&#34; not found&#xA;namespace test-zxdrk5-2 object small-rc-295 updating error: replicationcontrollers &#34;small-rc-295&#34; not found&#xA;namespace test-zxdrk5-1 object small-rc-267 updating error: replicationcontrollers &#34;small-rc-267&#34; not found&#xA;namespace test-zxdrk5-2 object small-rc-12 updating error: replicationcontrollers &#34;small-rc-12&#34; not found&#xA;namespace test-zxdrk5-2 object small-rc-106 updating error: replicationcontrollers &#34;small-rc-106&#34; not found&#xA;namespace test-zxdrk5-2 object small-rc-247 updating error: replicationcontrollers &#34;small-rc-247&#34; not found&#xA;namespace test-zxdrk5-2 object small-rc-232 updating error: replicationcontrollers &#34;small-rc-232&#34; not found&#xA;namespace test-zxdrk5-2 object small-rc-258 updating error: replicationcontrollers &#34;small-rc-258&#34; not found&#xA;namespace test-zxdrk5-2 object small-rc-245 updating error: replicationcontrollers &#34;small-rc-245&#34; not found&#xA;namespace test-zxdrk5-2 object small-rc-320 updating error: replicationcontrollers &#34;small-rc-320&#34; not found&#xA;namespace test-zxdrk5-1 object small-rc-5 updating error: replicationcontrollers &#34;small-rc-5&#34; not found&#xA;namespace test-zxdrk5-1 object small-rc-360 updating error: replicationcontrollers &#34;small-rc-360&#34; not found&#xA;namespace test-zxdrk5-1 object small-rc-32 updating error: replicationcontrollers &#34;small-rc-32&#34; not found&#xA;namespace test-zxdrk5-2 object small-rc-128 updating error: replicationcontrollers &#34;small-rc-128&#34; not found&#xA;namespace test-zxdrk5-2 object small-rc-7 updating error: replicationcontrollers &#34;small-rc-7&#34; not found&#xA;namespace test-zxdrk5-2 object small-rc-205 updating error: replicationcontrollers &#34;small-rc-205&#34; not found&#xA;namespace test-zxdrk5-1 object small-rc-214 updating error: replicationcontrollers &#34;small-rc-214&#34; not found&#xA;namespace test-zxdrk5-1 object small-rc-104 updating error: replicationcontrollers &#34;small-rc-104&#34; not found&#xA;namespace test-zxdrk5-1 object small-rc-88 updating error: replicationcontrollers &#34;small-rc-88&#34; not found&#xA;namespace test-zxdrk5-2 object small-rc-180 updating error: replicationcontrollers &#34;small-rc-180&#34; not found&#xA;namespace test-zxdrk5-2 object small-rc-8 updating error: replicationcontrollers &#34;small-rc-8&#34; not found&#xA;namespace test-zxdrk5-2 object small-rc-200 updating error: replicationcontrollers &#34;small-rc-200&#34; not found&#xA;namespace test-zxdrk5-1 object small-rc-355 updating error: replicationcontrollers &#34;small-rc-355&#34; not found&#xA;namespace test-zxdrk5-1 object small-rc-246 updating error: replicationcontrollers &#34;small-rc-246&#34; not found&#xA;namespace test-zxdrk5-2 object small-rc-69 updating error: replicationcontrollers &#34;small-rc-69&#34; not found&#xA;namespace test-zxdrk5-2 object small-rc-94 updating error: replicationcontrollers &#34;small-rc-94&#34; not found&#xA;namespace test-zxdrk5-1 object small-rc-222 updating error: replicationcontrollers &#34;small-rc-222&#34; not found&#xA;namespace test-zxdrk5-1 object small-rc-68 updating error: replicationcontrollers &#34;small-rc-68&#34; not found&#xA;namespace test-zxdrk5-1 object small-rc-72 updating error: replicationcontrollers &#34;small-rc-72&#34; not found&#xA;namespace test-zxdrk5-2 object small-rc-66 updating error: replicationcontrollers &#34;small-rc-66&#34; not found&#xA;namespace test-zxdrk5-2 object small-rc-326 updating error: replicationcontrollers &#34;small-rc-326&#34; not found&#xA;namespace test-zxdrk5-2 object small-rc-139 updating error: replicationcontrollers &#34;small-rc-139&#34; not found&#xA;namespace test-zxdrk5-2 object small-rc-134 updating error: replicationcontrollers &#34;small-rc-134&#34; not found&#xA;namespace test-zxdrk5-1 object small-rc-206 updating error: replicationcontrollers &#34;small-rc-206&#34; not found&#xA;namespace test-zxdrk5-1 object small-rc-81 updating error: replicationcontrollers &#34;small-rc-81&#34; not found&#xA;namespace test-zxdrk5-2 object small-rc-10 updating error: replicationcontrollers &#34;small-rc-10&#34; not found&#xA;namespace test-zxdrk5-1 object small-rc-22 updating error: replicationcontrollers &#34;small-rc-22&#34; not found&#xA;namespace test-zxdrk5-1 object small-rc-238 updating error: replicationcontrollers &#34;small-rc-238&#34; not found&#xA;namespace test-zxdrk5-1 object small-rc-128 updating error: replicationcontrollers &#34;small-rc-128&#34; not found&#xA;namespace test-zxdrk5-1 object small-rc-62 updating error: replicationcontrollers &#34;small-rc-62&#34; not found&#xA;namespace test-zxdrk5-1 object small-rc-216 updating error: replicationcontrollers &#34;small-rc-216&#34; not found&#xA;namespace test-zxdrk5-2 object small-rc-42 updating error: replicationcontrollers &#34;small-rc-42&#34; not found&#xA;namespace test-zxdrk5-2 object small-rc-97 updating error: replicationcontrollers &#34;small-rc-97&#34; not found&#xA;namespace test-zxdrk5-1 object small-rc-94 updating error: replicationcontrollers &#34;small-rc-94&#34; not found&#xA;namespace test-zxdrk5-1 object small-rc-170 updating error: replicationcontrollers &#34;small-rc-170&#34; not found&#xA;namespace test-zxdrk5-1 object small-rc-70 updating error: replicationcontrollers &#34;small-rc-70&#34; not found&#xA;namespace test-zxdrk5-1 object small-rc-274 updating error: replicationcontrollers &#34;small-rc-274&#34; not found&#xA;namespace test-zxdrk5-1 object small-rc-247 updating error: replicationcontrollers &#34;small-rc-247&#34; not found&#xA;namespace test-zxdrk5-1 object small-rc-232 updating error: replicationcontrollers &#34;small-rc-232&#34; not found&#xA;namespace test-zxdrk5-2 object small-rc-168 updating error: replicationcontrollers &#34;small-rc-168&#34; not found&#xA;namespace test-zxdrk5-2 object small-rc-148 updating error: replicationcontrollers &#34;small-rc-148&#34; not found&#xA;namespace test-zxdrk5-1 object small-rc-357 updating error: replicationcontrollers &#34;small-rc-357&#34; not found&#xA;namespace test-zxdrk5-2 object small-rc-287 updating error: replicationcontrollers &#34;small-rc-287&#34; not found&#xA;namespace test-zxdrk5-1 object small-rc-352 updating error: replicationcontrollers &#34;small-rc-352&#34; not found&#xA;namespace test-zxdrk5-1 object small-rc-57 updating error: replicationcontrollers &#34;small-rc-57&#34; not found&#xA;namespace test-zxdrk5-1 object small-rc-312 updating error: replicationcontrollers &#34;small-rc-312&#34; not found&#xA;namespace test-zxdrk5-1 object small-rc-289 updating error: replicationcontrollers &#34;small-rc-289&#34; not found&#xA;namespace test-zxdrk5-2 object small-rc-4 updating error: replicationcontrollers &#34;small-rc-4&#34; not found&#xA;namespace test-zxdrk5-2 object small-rc-300 updating error: replicationcontrollers &#34;small-rc-300&#34; not found&#xA;namespace test-zxdrk5-2 object small-rc-223 updating error: replicationcontrollers &#34;small-rc-223&#34; not found&#xA;namespace test-zxdrk5-1 object small-rc-77 updating error: replicationcontrollers &#34;small-rc-77&#34; not found&#xA;namespace test-zxdrk5-2 object small-rc-312 updating error: replicationcontrollers &#34;small-rc-312&#34; not found&#xA;namespace test-zxdrk5-1 object small-rc-114 updating error: replicationcontrollers &#34;small-rc-114&#34; not found&#xA;namespace test-zxdrk5-2 object small-rc-145 updating error: replicationcontrollers &#34;small-rc-145&#34; not found&#xA;namespace test-zxdrk5-2 object small-rc-64 updating error: replicationcontrollers &#34;small-rc-64&#34; not found&#xA;namespace test-zxdrk5-2 object small-rc-1 updating error: replicationcontrollers &#34;small-rc-1&#34; not found&#xA;namespace test-zxdrk5-1 object small-rc-82 updating error: replicationcontrollers &#34;small-rc-82&#34; not found&#xA;namespace test-zxdrk5-1 object small-rc-203 updating error: replicationcontrollers &#34;small-rc-203&#34; not found&#xA;namespace test-zxdrk5-1 object small-rc-38 updating error: replicationcontrollers &#34;small-rc-38&#34; not found&#xA;namespace test-zxdrk5-1 object small-rc-69 updating error: Get https://10.21.1.17:6443/api/v1/namespaces/test-zxdrk5-1/replicationcontrollers/small-rc-69: stream error: stream ID 2213; INTERNAL_ERROR&#xA;namespace test-zxdrk5-2 object small-rc-77 updating error: replicationcontrollers &#34;small-rc-77&#34; not found&#xA;namespace test-zxdrk5-1 object small-rc-244 updating error: replicationcontrollers &#34;small-rc-244&#34; not found&#xA;namespace test-zxdrk5-2 object small-rc-0 updating error: replicationcontrollers &#34;small-rc-0&#34; not found&#xA;namespace test-zxdrk5-1 object small-rc-252 updating error: replicationcontrollers &#34;small-rc-252&#34; not found&#xA;namespace test-zxdrk5-1 object small-rc-302 updating error: replicationcontrollers &#34;small-rc-302&#34; not found&#xA;namespace test-zxdrk5-2 object small-rc-192 updating error: replicationcontrollers &#34;small-rc-192&#34; not found&#xA;namespace test-zxdrk5-2 object small-rc-32 updating error: replicationcontrollers &#34;small-rc-32&#34; not found&#xA;namespace test-zxdrk5-1 object small-rc-11 updating error: replicationcontrollers &#34;small-rc-11&#34; not found&#xA;namespace test-zxdrk5-2 object small-rc-358 updating error: replicationcontrollers &#34;small-rc-358&#34; not found&#xA;namespace test-zxdrk5-1 object small-rc-164 updating error: replicationcontrollers &#34;small-rc-164&#34; not found&#xA;namespace test-zxdrk5-2 object small-rc-2 updating error: replicationcontrollers &#34;small-rc-2&#34; not found&#xA;namespace test-zxdrk5-1 object small-rc-196 updating error: replicationcontrollers &#34;small-rc-196&#34; not found&#xA;namespace test-zxdrk5-1 object small-rc-193 updating error: replicationcontrollers &#34;small-rc-193&#34; not found&#xA;namespace test-zxdrk5-1 object small-rc-348 updating error: replicationcontrollers &#34;small-rc-348&#34; not found&#xA;namespace test-zxdrk5-2 object small-rc-236 updating error: replicationcontrollers &#34;small-rc-236&#34; not found&#xA;namespace test-zxdrk5-2 object small-rc-310 updating error: replicationcontrollers &#34;small-rc-310&#34; not found&#xA;namespace test-zxdrk5-2 object small-rc-93 updating error: replicationcontrollers &#34;small-rc-93&#34; not found&#xA;namespace test-zxdrk5-1 object small-rc-48 updating error: replicationcontrollers &#34;small-rc-48&#34; not found&#xA;namespace test-zxdrk5-1 object small-rc-339 updating error: replicationcontrollers &#34;small-rc-339&#34; not found&#xA;namespace test-zxdrk5-2 object small-rc-129 updating error: replicationcontrollers &#34;small-rc-129&#34; not found&#xA;namespace test-zxdrk5-1 object small-rc-179 updating error: replicationcontrollers &#34;small-rc-179&#34; not found&#xA;namespace test-zxdrk5-1 object small-rc-229 updating error: replicationcontrollers &#34;small-rc-229&#34; not found&#xA;namespace test-zxdrk5-1 object small-rc-191 updating error: replicationcontrollers &#34;small-rc-191&#34; not found&#xA;namespace test-zxdrk5-2 object small-rc-16 updating error: replicationcontrollers &#34;small-rc-16&#34; not found&#xA;namespace test-zxdrk5-2 object small-rc-74 updating error: replicationcontrollers &#34;small-rc-74&#34; not found&#xA;namespace test-zxdrk5-2 object small-rc-191 updating error: replicationcontrollers &#34;small-rc-191&#34; not found&#xA;namespace test-zxdrk5-1 object small-rc-86 updating error: replicationcontrollers &#34;small-rc-86&#34; not found&#xA;namespace test-zxdrk5-2 object small-rc-361 updating error: replicationcontrollers &#34;small-rc-361&#34; not found&#xA;namespace test-zxdrk5-2 object small-rc-279 updating error: replicationcontrollers &#34;small-rc-279&#34; not found&#xA;namespace test-zxdrk5-2 object small-rc-48 updating error: replicationcontrollers &#34;small-rc-48&#34; not found&#xA;namespace test-zxdrk5-2 object small-rc-125 updating error: replicationcontrollers &#34;small-rc-125&#34; not found&#xA;namespace test-zxdrk5-2 object small-rc-34 updating error: replicationcontrollers &#34;small-rc-34&#34; not found&#xA;namespace test-zxdrk5-1 object small-rc-169 updating error: replicationcontrollers &#34;small-rc-169&#34; not found&#xA;namespace test-zxdrk5-2 object small-rc-169 updating error: replicationcontrollers &#34;small-rc-169&#34; not found&#xA;namespace test-zxdrk5-2 object small-rc-29 updating error: replicationcontrollers &#34;small-rc-29&#34; not found&#xA;namespace test-zxdrk5-1 object small-rc-270 updating error: replicationcontrollers &#34;small-rc-270&#34; not found&#xA;namespace test-zxdrk5-2 object small-rc-231 updating error: replicationcontrollers &#34;small-rc-231&#34; not found&#xA;namespace test-zxdrk5-1 object small-rc-236 updating error: replicationcontrollers &#34;small-rc-236&#34; not found&#xA;namespace test-zxdrk5-1 object small-rc-367 updating error: replicationcontrollers &#34;small-rc-367&#34; not found&#xA;namespace test-zxdrk5-1 object small-rc-277 updating error: replicationcontrollers &#34;small-rc-277&#34; not found&#xA;namespace test-zxdrk5-2 object small-rc-173 updating error: replicationcontrollers &#34;small-rc-173&#34; not found&#xA;namespace test-zxdrk5-1 object small-rc-213 updating error: replicationcontrollers &#34;small-rc-213&#34; not found&#xA;namespace test-zxdrk5-1 object small-rc-320 updating error: replicationcontrollers &#34;small-rc-320&#34; not found&#xA;namespace test-zxdrk5-2 object small-rc-61 updating error: replicationcontrollers &#34;small-rc-61&#34; not found&#xA;namespace test-zxdrk5-1 object small-rc-83 updating error: replicationcontrollers &#34;small-rc-83&#34; not found&#xA;namespace test-zxdrk5-2 object small-rc-322 updating error: replicationcontrollers &#34;small-rc-322&#34; not found&#xA;namespace test-zxdrk5-2 object small-rc-293 updating error: replicationcontrollers &#34;small-rc-293&#34; not found&#xA;namespace test-zxdrk5-2 object small-rc-282 updating error: replicationcontrollers &#34;small-rc-282&#34; not found&#xA;namespace test-zxdrk5-2 object small-rc-156 updating error: replicationcontrollers &#34;small-rc-156&#34; not found&#xA;namespace test-zxdrk5-2 object small-rc-54 updating error: replicationcontrollers &#34;small-rc-54&#34; not found&#xA;namespace test-zxdrk5-1 object small-rc-155 updating error: replicationcontrollers &#34;small-rc-155&#34; not found&#xA;namespace test-zxdrk5-2 object small-rc-364 updating error: replicationcontrollers &#34;small-rc-364&#34; not found&#xA;namespace test-zxdrk5-2 object small-rc-122 updating error: replicationcontrollers &#34;small-rc-122&#34; not found&#xA;namespace test-zxdrk5-2 object small-rc-147 updating error: replicationcontrollers &#34;small-rc-147&#34; not found&#xA;namespace test-zxdrk5-2 object small-rc-204 updating error: replicationcontrollers &#34;small-rc-204&#34; not found&#xA;namespace test-zxdrk5-2 object small-rc-11 updating error: replicationcontrollers &#34;small-rc-11&#34; not found&#xA;namespace test-zxdrk5-1 object small-rc-188 updating error: replicationcontrollers &#34;small-rc-188&#34; not found&#xA;namespace test-zxdrk5-2 object small-rc-18 updating error: replicationcontrollers &#34;small-rc-18&#34; not found&#xA;namespace test-zxdrk5-1 object small-rc-233 updating error: replicationcontrollers &#34;small-rc-233&#34; not found&#xA;namespace test-zxdrk5-1 object small-rc-366 updating error: replicationcontrollers &#34;small-rc-366&#34; not found&#xA;namespace test-zxdrk5-1 object small-rc-331 updating error: replicationcontrollers &#34;small-rc-331&#34; not found&#xA;namespace test-zxdrk5-2 object small-rc-120 updating error: replicationcontrollers &#34;small-rc-120&#34; not found&#xA;namespace test-zxdrk5-2 object small-rc-323 updating error: replicationcontrollers &#34;small-rc-323&#34; not found&#xA;namespace test-zxdrk5-1 object small-rc-154 updating error: replicationcontrollers &#34;small-rc-154&#34; not found&#xA;namespace test-zxdrk5-1 object small-rc-219 updating error: replicationcontrollers &#34;small-rc-219&#34; not found&#xA;namespace test-zxdrk5-2 object small-rc-261 updating error: replicationcontrollers &#34;small-rc-261&#34; not found&#xA;namespace test-zxdrk5-1 object small-rc-78 updating error: replicationcontrollers &#34;small-rc-78&#34; not found&#xA;namespace test-zxdrk5-1 object small-rc-204 updating error: replicationcontrollers &#34;small-rc-204&#34; not found&#xA;namespace test-zxdrk5-1 object small-rc-250 updating error: replicationcontrollers &#34;small-rc-250&#34; not found&#xA;namespace test-zxdrk5-2 object small-rc-305 updating error: replicationcontrollers &#34;small-rc-305&#34; not found&#xA;namespace test-zxdrk5-2 object small-rc-268 updating error: replicationcontrollers &#34;small-rc-268&#34; not found&#xA;namespace test-zxdrk5-1 object small-rc-235 updating error: replicationcontrollers &#34;small-rc-235&#34; not found&#xA;namespace test-zxdrk5-1 object small-rc-207 updating error: replicationcontrollers &#34;small-rc-207&#34; not found&#xA;namespace test-zxdrk5-1 object small-rc-58 updating error: replicationcontrollers &#34;small-rc-58&#34; not found&#xA;namespace test-zxdrk5-1 object small-rc-208 updating error: replicationcontrollers &#34;small-rc-208&#34; not found&#xA;namespace test-zxdrk5-1 object small-rc-242 updating error: replicationcontrollers &#34;small-rc-242&#34; not found&#xA;namespace test-zxdrk5-1 object small-rc-261 updating error: replicationcontrollers &#34;small-rc-261&#34; not found&#xA;namespace test-zxdrk5-1 object small-rc-218 updating error: replicationcontrollers &#34;small-rc-218&#34; not found&#xA;namespace test-zxdrk5-2 object small-rc-277 updating error: replicationcontrollers &#34;small-rc-277&#34; not found&#xA;namespace test-zxdrk5-1 object small-rc-129 updating error: replicationcontrollers &#34;small-rc-129&#34; not found&#xA;namespace test-zxdrk5-2 object small-rc-222 updating error: replicationcontrollers &#34;small-rc-222&#34; not found&#xA;namespace test-zxdrk5-2 object small-rc-15 updating error: replicationcontrollers &#34;small-rc-15&#34; not found&#xA;namespace test-zxdrk5-1 object small-rc-251 updating error: replicationcontrollers &#34;small-rc-251&#34; not found&#xA;namespace test-zxdrk5-1 object small-rc-212 updating error: replicationcontrollers &#34;small-rc-212&#34; not found&#xA;namespace test-zxdrk5-2 object small-rc-31 updating error: replicationcontrollers &#34;small-rc-31&#34; not found&#xA;namespace test-zxdrk5-2 object small-rc-257 updating error: replicationcontrollers &#34;small-rc-257&#34; not found&#xA;namespace test-zxdrk5-1 object small-rc-150 updating error: replicationcontrollers &#34;small-rc-150&#34; not found&#xA;namespace test-zxdrk5-2 object small-rc-298 updating error: replicationcontrollers &#34;small-rc-298&#34; not found&#xA;namespace test-zxdrk5-1 object small-rc-105 updating error: replicationcontrollers &#34;small-rc-105&#34; not found&#xA;namespace test-zxdrk5-2 object small-rc-105 updating error: replicationcontrollers &#34;small-rc-105&#34; not found&#xA;namespace test-zxdrk5-1 object small-rc-54 updating error: replicationcontrollers &#34;small-rc-54&#34; not found&#xA;namespace test-zxdrk5-2 object small-rc-109 updating error: replicationcontrollers &#34;small-rc-109&#34; not found&#xA;namespace test-zxdrk5-2 object small-rc-24 updating error: replicationcontrollers &#34;small-rc-24&#34; not found&#xA;namespace test-zxdrk5-2 object small-rc-58 updating error: replicationcontrollers &#34;small-rc-58&#34; not found&#xA;namespace test-zxdrk5-2 object small-rc-44 updating error: replicationcontrollers &#34;small-rc-44&#34; not found&#xA;namespace test-zxdrk5-1 object small-rc-344 updating error: replicationcontrollers &#34;small-rc-344&#34; not found&#xA;namespace test-zxdrk5-1 object small-rc-220 updating error: replicationcontrollers &#34;small-rc-220&#34; not found&#xA;namespace test-zxdrk5-2 object small-rc-88 updating error: replicationcontrollers &#34;small-rc-88&#34; not found&#xA;namespace test-zxdrk5-1 object small-rc-362 updating error: replicationcontrollers &#34;small-rc-362&#34; not found&#xA;namespace test-zxdrk5-2 object small-rc-85 updating error: replicationcontrollers &#34;small-rc-85&#34; not found&#xA;namespace test-zxdrk5-1 object small-rc-330 updating error: replicationcontrollers &#34;small-rc-330&#34; not found&#xA;namespace test-zxdrk5-1 object small-rc-37 updating error: replicationcontrollers &#34;small-rc-37&#34; not found&#xA;namespace test-zxdrk5-2 object small-rc-254 updating error: replicationcontrollers &#34;small-rc-254&#34; not found&#xA;namespace test-zxdrk5-2 object small-rc-127 updating error: replicationcontrollers &#34;small-rc-127&#34; not found&#xA;namespace test-zxdrk5-1 object small-rc-46 updating error: replicationcontrollers &#34;small-rc-46&#34; not found&#xA;namespace test-zxdrk5-2 object small-rc-86 updating error: replicationcontrollers &#34;small-rc-86&#34; not found&#xA;namespace test-zxdrk5-2 object small-rc-124 updating error: replicationcontrollers &#34;small-rc-124&#34; not found&#xA;namespace test-zxdrk5-2 object small-rc-194 updating error: replicationcontrollers &#34;small-rc-194&#34; not found&#xA;namespace test-zxdrk5-2 object small-rc-95 updating error: replicationcontrollers &#34;small-rc-95&#34; not found&#xA;namespace test-zxdrk5-2 object small-rc-67 updating error: replicationcontrollers &#34;small-rc-67&#34; not found&#xA;namespace test-zxdrk5-1 object small-rc-338 updating error: replicationcontrollers &#34;small-rc-338&#34; not found&#xA;namespace test-zxdrk5-2 object small-rc-37 updating error: replicationcontrollers &#34;small-rc-37&#34; not found&#xA;namespace test-zxdrk5-2 object small-rc-371 updating error: replicationcontrollers &#34;small-rc-371&#34; not found&#xA;namespace test-zxdrk5-2 object small-rc-367 updating error: replicationcontrollers &#34;small-rc-367&#34; not found&#xA;namespace test-zxdrk5-1 object small-rc-342 updating error: replicationcontrollers &#34;small-rc-342&#34; not found&#xA;namespace test-zxdrk5-2 object small-rc-186 updating error: replicationcontrollers &#34;small-rc-186&#34; not found&#xA;namespace test-zxdrk5-2 object small-rc-217 updating error: replicationcontrollers &#34;small-rc-217&#34; not found&#xA;namespace test-zxdrk5-2 object small-rc-339 updating error: replicationcontrollers &#34;small-rc-339&#34; not found&#xA;namespace test-zxdrk5-2 object small-rc-165 updating error: replicationcontrollers &#34;small-rc-165&#34; not found&#xA;namespace test-zxdrk5-2 object small-rc-329 updating error: replicationcontrollers &#34;small-rc-329&#34; not found&#xA;namespace test-zxdrk5-1 object small-rc-34 updating error: replicationcontrollers &#34;small-rc-34&#34; not found&#xA;namespace test-zxdrk5-2 object small-rc-55 updating error: replicationcontrollers &#34;small-rc-55&#34; not found&#xA;namespace test-zxdrk5-1 object small-rc-10 updating error: replicationcontrollers &#34;small-rc-10&#34; not found&#xA;namespace test-zxdrk5-1 object small-rc-177 updating error: replicationcontrollers &#34;small-rc-177&#34; not found&#xA;namespace test-zxdrk5-2 object small-rc-103 updating error: replicationcontrollers &#34;small-rc-103&#34; not found&#xA;namespace test-zxdrk5-1 object small-rc-134 updating error: replicationcontrollers &#34;small-rc-134&#34; not found&#xA;namespace test-zxdrk5-1 object small-rc-168 updating error: replicationcontrollers &#34;small-rc-168&#34; not found&#xA;namespace test-zxdrk5-1 object small-rc-223 updating error: replicationcontrollers &#34;small-rc-223&#34; not found&#xA;namespace test-zxdrk5-1 object small-rc-90 updating error: replicationcontrollers &#34;small-rc-90&#34; not found&#xA;namespace test-zxdrk5-2 object small-rc-20 updating error: replicationcontrollers &#34;small-rc-20&#34; not found&#xA;namespace test-zxdrk5-1 object small-rc-142 updating error: replicationcontrollers &#34;small-rc-142&#34; not found&#xA;namespace test-zxdrk5-1 object small-rc-14 updating error: replicationcontrollers &#34;small-rc-14&#34; not found&#xA;namespace test-zxdrk5-2 object small-rc-292 updating error: replicationcontrollers &#34;small-rc-292&#34; not found&#xA;namespace test-zxdrk5-2 object small-rc-235 updating error: replicationcontrollers &#34;small-rc-235&#34; not found&#xA;namespace test-zxdrk5-2 object small-rc-262 updating error: replicationcontrollers &#34;small-rc-262&#34; not found&#xA;namespace test-zxdrk5-1 object small-rc-171 updating error: replicationcontrollers &#34;small-rc-171&#34; not found&#xA;namespace test-zxdrk5-2 object small-rc-253 updating error: replicationcontrollers &#34;small-rc-253&#34; not found&#xA;namespace test-zxdrk5-1 object small-rc-123 updating error: replicationcontrollers &#34;small-rc-123&#34; not found&#xA;namespace test-zxdrk5-2 object small-rc-345 updating error: replicationcontrollers &#34;small-rc-345&#34; not found&#xA;namespace test-zxdrk5-2 object small-rc-83 updating error: replicationcontrollers &#34;small-rc-83&#34; not found&#xA;namespace test-zxdrk5-1 object small-rc-291 updating error: replicationcontrollers &#34;small-rc-291&#34; not found&#xA;namespace test-zxdrk5-1 object small-rc-345 updating error: replicationcontrollers &#34;small-rc-345&#34; not found&#xA;namespace test-zxdrk5-2 object small-rc-21 updating error: replicationcontrollers &#34;small-rc-21&#34; not found&#xA;namespace test-zxdrk5-1 object small-rc-372 updating error: replicationcontrollers &#34;small-rc-372&#34; not found&#xA;namespace test-zxdrk5-1 object small-rc-107 updating error: replicationcontrollers &#34;small-rc-107&#34; not found&#xA;namespace test-zxdrk5-2 object small-rc-100 updating error: replicationcontrollers &#34;small-rc-100&#34; not found&#xA;namespace test-zxdrk5-2 object small-rc-288 updating error: replicationcontrollers &#34;small-rc-288&#34; not found&#xA;namespace test-zxdrk5-1 object small-rc-51 updating error: replicationcontrollers &#34;small-rc-51&#34; not found&#xA;namespace test-zxdrk5-2 object small-rc-374 updating error: replicationcontrollers &#34;small-rc-374&#34; not found&#xA;namespace test-zxdrk5-2 object small-rc-369 updating error: replicationcontrollers &#34;small-rc-369&#34; not found&#xA;namespace test-zxdrk5-1 object small-rc-183 updating error: replicationcontrollers &#34;small-rc-183&#34; not found&#xA;namespace test-zxdrk5-1 object small-rc-158 updating error: replicationcontrollers &#34;small-rc-158&#34; not found&#xA;namespace test-zxdrk5-1 object small-rc-61 updating error: replicationcontrollers &#34;small-rc-61&#34; not found&#xA;namespace test-zxdrk5-2 object small-rc-286 updating error: replicationcontrollers &#34;small-rc-286&#34; not found&#xA;namespace test-zxdrk5-2 object small-rc-243 updating error: replicationcontrollers &#34;small-rc-243&#34; not found&#xA;namespace test-zxdrk5-2 object small-rc-17 updating error: replicationcontrollers &#34;small-rc-17&#34; not found&#xA;namespace test-zxdrk5-1 object small-rc-255 updating error: replicationcontrollers &#34;small-rc-255&#34; not found&#xA;namespace test-zxdrk5-2 object small-rc-146 updating error: replicationcontrollers &#34;small-rc-146&#34; not found&#xA;namespace test-zxdrk5-2 object small-rc-313 updating error: replicationcontrollers &#34;small-rc-313&#34; not found&#xA;namespace test-zxdrk5-1 object small-rc-122 updating error: replicationcontrollers &#34;small-rc-122&#34; not found&#xA;namespace test-zxdrk5-2 object small-rc-41 updating error: replicationcontrollers &#34;small-rc-41&#34; not found&#xA;namespace test-zxdrk5-1 object small-rc-28 updating error: replicationcontrollers &#34;small-rc-28&#34; not found&#xA;namespace test-zxdrk5-1 object small-rc-298 updating error: replicationcontrollers &#34;small-rc-298&#34; not found&#xA;namespace test-zxdrk5-2 object small-rc-281 updating error: replicationcontrollers &#34;small-rc-281&#34; not found&#xA;namespace test-zxdrk5-2 object small-rc-157 updating error: replicationcontrollers &#34;small-rc-157&#34; not found&#xA;namespace test-zxdrk5-2 object small-rc-214 updating error: replicationcontrollers &#34;small-rc-214&#34; not found&#xA;namespace test-zxdrk5-1 object small-rc-227 updating error: replicationcontrollers &#34;small-rc-227&#34; not found&#xA;namespace test-zxdrk5-2 object small-rc-351 updating error: replicationcontrollers &#34;small-rc-351&#34; not found&#xA;namespace test-zxdrk5-1 object small-rc-354 updating error: replicationcontrollers &#34;small-rc-354&#34; not found&#xA;namespace test-zxdrk5-1 object small-rc-106 updating error: replicationcontrollers &#34;small-rc-106&#34; not found&#xA;namespace test-zxdrk5-2 object small-rc-335 updating error: replicationcontrollers &#34;small-rc-335&#34; not found&#xA;namespace test-zxdrk5-2 object small-rc-143 updating error: replicationcontrollers &#34;small-rc-143&#34; not found&#xA;namespace test-zxdrk5-2 object small-rc-82 updating error: replicationcontrollers &#34;small-rc-82&#34; not found&#xA;measurement call WaitForControlledPodsRunning - WaitForRunningRCs error: incorrect objects number&#xA;namespace test-zxdrk5-1 object small-rc-186 deletion error: timed out waiting for the condition&#xA;namespace test-zxdrk5-1 object small-rc-161 deletion error: timed out waiting for the condition&#xA;measurement call APIResponsiveness - APIResponsiveness error: top latency metric: there should be no high-latency requests]&#xA;:0</failure>
      </testcase>
  </testsuite>