<?xml version="1.0" encoding="UTF-8"?>
  <testsuite name="ClusterLoaderV2" tests="1" failures="1" errors="0" time="442.687">
      <testcase name="./testing/density/config.yaml" classname="ClusterLoaderV2" time="442.687270652">
          <failure type="Failure">:0&#xA;[measurement call PodStartupLatency - PodStartupLatency error: pod startup: too high latency 99th percentile: 5.201561571s&#xA;measurement call APIResponsiveness - APIResponsiveness error: top latency metric: there should be no high-latency requests]&#xA;:0</failure>
      </testcase>
  </testsuite>