<?xml version="1.0" encoding="UTF-8"?>
  <testsuite name="ClusterLoaderV2" tests="1" failures="0" errors="0" time="147.206">
      <testcase name="./testing/load/config.yaml" classname="ClusterLoaderV2" time="147.20661608"></testcase>
  </testsuite>