<?xml version="1.0" encoding="UTF-8"?>
  <testsuite name="ClusterLoaderV2" tests="1" failures="1" errors="0" time="3693.016">
      <testcase name="./testing/load/config.yaml" classname="ClusterLoaderV2" time="3693.016746015">
          <failure type="Failure">:0&#xA;[measurement call WaitForControlledPodsRunning - WaitForRunningRCs error: unknown objects statuses: [test-7h9jwq-1/small-rc-299: pod store creation error: timed out waiting for the condition&#xA;test-7h9jwq-1/medium-rc-85: pod store creation error: timed out waiting for the condition&#xA;test-7h9jwq-1/medium-rc-60: pod store creation error: timed out waiting for the condition&#xA;test-7h9jwq-1/small-rc-191: pod store creation error: timed out waiting for the condition&#xA;test-7h9jwq-1/medium-rc-100: pod store creation error: timed out waiting for the condition&#xA;test-7h9jwq-1/small-rc-43: pod store creation error: timed out waiting for the condition&#xA;test-7h9jwq-1/small-rc-229: pod store creation error: timed out waiting for the condition&#xA;test-7h9jwq-1/small-rc-341: pod store creation error: timed out waiting for the condition&#xA;test-7h9jwq-1/small-rc-67: pod store creation error: timed out waiting for the condition&#xA;test-7h9jwq-1/small-rc-385: pod store creation error: timed out waiting for the condition&#xA;test-7h9jwq-1/small-rc-400: pod store creation error: timed out waiting for the condition]]&#xA;:0</failure>
      </testcase>
  </testsuite>