<?xml version="1.0" encoding="UTF-8"?>
  <testsuite name="ClusterLoaderV2" tests="1" failures="0" errors="0" time="40.898">
      <testcase name="./testing/density/config.yaml" classname="ClusterLoaderV2" time="40.898955538"></testcase>
  </testsuite>