<?xml version="1.0" encoding="UTF-8"?>
  <testsuite name="ClusterLoaderV2" tests="1" failures="0" errors="0" time="25.139">
      <testcase name="./testing/load/create-rc.yaml" classname="ClusterLoaderV2" time="25.139310019"></testcase>
  </testsuite>