<?xml version="1.0" encoding="UTF-8"?>
  <testsuite name="ClusterLoaderV2" tests="1" failures="1" errors="0" time="1745.08">
      <testcase name="./testing/load/config.yaml" classname="ClusterLoaderV2" time="1745.08083469">
          <failure type="Failure">:0&#xA;[measurement call APIResponsiveness - APIResponsiveness error: top latency metric: there should be no high-latency requests&#xA;measurement call TestMetrics - TestMetrics error: [unexpected error (code: 7) in ssh connection to master: &lt;nil&gt;]]&#xA;:0</failure>
      </testcase>
  </testsuite>