<?xml version="1.0" encoding="UTF-8"?>
  <testsuite name="ClusterLoaderV2" tests="1" failures="1" errors="0" time="3524.103">
      <testcase name="./testing/load/config.yaml" classname="ClusterLoaderV2" time="3524.103375201">
          <failure type="Failure">:0&#xA;[measurement call WaitForControlledPodsRunning - WaitForRunningRCs error: unknown objects statuses: [test-4fut2x-1/medium-rc-8: pod store creation error: timed out waiting for the condition&#xA;test-4fut2x-1/medium-rc-122: pod store creation error: timed out waiting for the condition&#xA;test-4fut2x-1/small-rc-42: pod store creation error: timed out waiting for the condition&#xA;test-4fut2x-1/small-rc-174: pod store creation error: timed out waiting for the condition&#xA;test-4fut2x-1/small-rc-336: pod store creation error: timed out waiting for the condition&#xA;test-4fut2x-1/small-rc-497: pod store creation error: timed out waiting for the condition&#xA;test-4fut2x-1/small-rc-162: pod store creation error: timed out waiting for the condition&#xA;test-4fut2x-1/small-rc-247: pod store creation error: timed out waiting for the condition&#xA;test-4fut2x-1/medium-rc-23: pod store creation error: timed out waiting for the condition&#xA;test-4fut2x-1/small-rc-37: pod store creation error: timed out waiting for the condition&#xA;test-4fut2x-1/small-rc-6: pod store creation error: timed out waiting for the condition&#xA;test-4fut2x-1/small-rc-19: pod store creation error: timed out waiting for the condition&#xA;test-4fut2x-1/small-rc-58: pod store creation error: timed out waiting for the condition&#xA;test-4fut2x-1/medium-rc-72: pod store creation error: timed out waiting for the condition&#xA;test-4fut2x-1/small-rc-445: pod store creation error: timed out waiting for the condition&#xA;test-4fut2x-1/small-rc-440: pod store creation error: timed out waiting for the condition&#xA;test-4fut2x-1/small-rc-207: pod store creation error: timed out waiting for the condition&#xA;test-4fut2x-1/small-rc-215: pod store creation error: timed out waiting for the condition&#xA;test-4fut2x-1/small-rc-249: pod store creation error: timed out waiting for the condition&#xA;test-4fut2x-1/small-rc-308: pod store creation error: timed out waiting for the condition&#xA;test-4fut2x-1/small-rc-181: pod store creation error: timed out waiting for the condition&#xA;test-4fut2x-1/medium-rc-103: pod store creation error: timed out waiting for the condition&#xA;test-4fut2x-1/small-rc-78: pod store creation error: timed out waiting for the condition&#xA;test-4fut2x-1/small-rc-206: pod store creation error: timed out waiting for the condition]]&#xA;:0</failure>
      </testcase>
  </testsuite>