<?xml version="1.0" encoding="UTF-8"?>
  <testsuite name="ClusterLoaderV2" tests="1" failures="1" errors="0" time="3012.308">
      <testcase name="./testing/load/config.yaml" classname="ClusterLoaderV2" time="3012.308225446">
          <failure type="Failure">:0&#xA;[namespace test-tvd020-1 object medium-rc-12 creation error: timed out waiting for the condition&#xA;namespace test-tvd020-6 object medium-rc-3 creation error: timed out waiting for the condition&#xA;namespace test-tvd020-3 object medium-rc-4 creation error: timed out waiting for the condition&#xA;namespace test-tvd020-1 object medium-rc-17 creation error: timed out waiting for the condition&#xA;namespace test-tvd020-3 object medium-rc-16 creation error: timed out waiting for the condition&#xA;namespace test-tvd020-4 object medium-rc-11 creation error: timed out waiting for the condition&#xA;namespace test-tvd020-1 object medium-rc-11 creation error: timed out waiting for the condition&#xA;namespace test-tvd020-6 object medium-rc-15 creation error: timed out waiting for the condition&#xA;namespace test-tvd020-2 object medium-rc-12 creation error: timed out waiting for the condition&#xA;namespace test-tvd020-2 object medium-rc-16 creation error: timed out waiting for the condition&#xA;namespace test-tvd020-4 object medium-rc-7 creation error: timed out waiting for the condition&#xA;namespace test-tvd020-9 object medium-rc-15 creation error: timed out waiting for the condition&#xA;namespace test-tvd020-2 object medium-rc-7 creation error: timed out waiting for the condition&#xA;namespace test-tvd020-3 object medium-rc-10 creation error: timed out waiting for the condition&#xA;namespace test-tvd020-4 object medium-rc-1 creation error: timed out waiting for the condition&#xA;namespace test-tvd020-5 object medium-rc-4 creation error: timed out waiting for the condition&#xA;namespace test-tvd020-1 object medium-rc-15 creation error: timed out waiting for the condition&#xA;namespace test-tvd020-5 object medium-rc-17 creation error: timed out waiting for the condition&#xA;namespace test-tvd020-7 object medium-rc-14 creation error: timed out waiting for the condition&#xA;namespace test-tvd020-9 object medium-rc-13 creation error: timed out waiting for the condition&#xA;namespace test-tvd020-3 object medium-rc-12 creation error: timed out waiting for the condition&#xA;namespace test-tvd020-1 object medium-rc-13 creation error: timed out waiting for the condition&#xA;namespace test-tvd020-5 object medium-rc-10 creation error: timed out waiting for the condition&#xA;namespace test-tvd020-7 object small-rc-15 creation error: timed out waiting for the condition&#xA;namespace test-tvd020-7 object small-rc-5 creation error: timed out waiting for the condition&#xA;namespace test-tvd020-6 object small-rc-27 creation error: timed out waiting for the condition&#xA;namespace test-tvd020-8 object small-rc-44 creation error: timed out waiting for the condition&#xA;namespace test-tvd020-5 object small-rc-43 creation error: timed out waiting for the condition&#xA;namespace test-tvd020-7 object small-rc-71 creation error: timed out waiting for the condition&#xA;namespace test-tvd020-5 object small-rc-41 creation error: timed out waiting for the condition&#xA;namespace test-tvd020-4 object small-rc-19 creation error: timed out waiting for the condition&#xA;namespace test-tvd020-5 object small-rc-23 creation error: timed out waiting for the condition&#xA;namespace test-tvd020-3 object small-rc-46 creation error: timed out waiting for the condition&#xA;namespace test-tvd020-3 object small-rc-25 creation error: timed out waiting for the condition&#xA;namespace test-tvd020-4 object small-rc-33 creation error: timed out waiting for the condition&#xA;namespace test-tvd020-5 object small-rc-17 creation error: timed out waiting for the condition&#xA;namespace test-tvd020-3 object small-rc-51 creation error: timed out waiting for the condition&#xA;namespace test-tvd020-3 object small-rc-20 creation error: timed out waiting for the condition&#xA;namespace test-tvd020-4 object small-rc-6 creation error: timed out waiting for the condition&#xA;namespace test-tvd020-8 object small-rc-57 creation error: timed out waiting for the condition&#xA;namespace test-tvd020-9 object small-rc-1 creation error: timed out waiting for the condition&#xA;namespace test-tvd020-5 object small-rc-31 creation error: timed out waiting for the condition&#xA;namespace test-tvd020-7 object small-rc-10 creation error: timed out waiting for the condition&#xA;namespace test-tvd020-7 object small-rc-2 creation error: timed out waiting for the condition&#xA;namespace test-tvd020-1 object small-rc-58 creation error: timed out waiting for the condition&#xA;namespace test-tvd020-7 object small-rc-48 creation error: timed out waiting for the condition&#xA;namespace test-tvd020-9 object small-rc-43 creation error: timed out waiting for the condition&#xA;namespace test-tvd020-3 object small-rc-18 creation error: timed out waiting for the condition&#xA;namespace test-tvd020-8 object small-rc-52 creation error: timed out waiting for the condition&#xA;namespace test-tvd020-2 object small-rc-24 creation error: timed out waiting for the condition&#xA;namespace test-tvd020-5 object small-rc-9 creation error: timed out waiting for the condition&#xA;namespace test-tvd020-7 object small-rc-11 creation error: timed out waiting for the condition&#xA;namespace test-tvd020-1 object small-rc-70 creation error: timed out waiting for the condition&#xA;namespace test-tvd020-9 object small-rc-57 creation error: timed out waiting for the condition&#xA;namespace test-tvd020-1 object small-rc-22 creation error: timed out waiting for the condition&#xA;namespace test-tvd020-5 object small-rc-59 creation error: timed out waiting for the condition&#xA;namespace test-tvd020-7 object small-rc-39 creation error: timed out waiting for the condition&#xA;namespace test-tvd020-2 object small-rc-58 creation error: timed out waiting for the condition&#xA;namespace test-tvd020-6 object small-rc-24 creation error: timed out waiting for the condition&#xA;namespace test-tvd020-6 object small-rc-37 creation error: timed out waiting for the condition&#xA;namespace test-tvd020-3 object small-rc-12 creation error: timed out waiting for the condition&#xA;namespace test-tvd020-4 object small-rc-58 creation error: timed out waiting for the condition&#xA;namespace test-tvd020-9 object small-rc-23 creation error: timed out waiting for the condition&#xA;namespace test-tvd020-7 object small-rc-29 creation error: timed out waiting for the condition&#xA;namespace test-tvd020-4 object small-rc-2 creation error: timed out waiting for the condition&#xA;namespace test-tvd020-9 object small-rc-24 creation error: timed out waiting for the condition&#xA;namespace test-tvd020-4 object small-rc-28 creation error: timed out waiting for the condition&#xA;namespace test-tvd020-1 object small-rc-64 creation error: timed out waiting for the condition&#xA;namespace test-tvd020-6 object small-rc-60 creation error: timed out waiting for the condition&#xA;namespace test-tvd020-1 object small-rc-73 creation error: timed out waiting for the condition&#xA;namespace test-tvd020-8 object small-rc-24 creation error: timed out waiting for the condition&#xA;namespace test-tvd020-2 object small-rc-2 creation error: timed out waiting for the condition&#xA;namespace test-tvd020-8 object small-rc-31 creation error: timed out waiting for the condition&#xA;namespace test-tvd020-4 object small-rc-38 creation error: timed out waiting for the condition&#xA;namespace test-tvd020-8 object small-rc-59 creation error: timed out waiting for the condition&#xA;namespace test-tvd020-1 object small-rc-9 creation error: timed out waiting for the condition&#xA;namespace test-tvd020-6 object small-rc-42 creation error: timed out waiting for the condition&#xA;namespace test-tvd020-1 object small-rc-63 creation error: timed out waiting for the condition&#xA;namespace test-tvd020-5 object small-rc-20 creation error: timed out waiting for the condition&#xA;namespace test-tvd020-1 object small-rc-37 creation error: timed out waiting for the condition&#xA;namespace test-tvd020-3 object small-rc-49 creation error: timed out waiting for the condition&#xA;namespace test-tvd020-3 object small-rc-13 creation error: timed out waiting for the condition&#xA;namespace test-tvd020-6 object small-rc-20 creation error: timed out waiting for the condition&#xA;namespace test-tvd020-1 object small-rc-15 creation error: timed out waiting for the condition&#xA;namespace test-tvd020-6 object small-rc-71 creation error: timed out waiting for the condition&#xA;namespace test-tvd020-8 object small-rc-74 creation error: timed out waiting for the condition&#xA;namespace test-tvd020-5 object small-rc-63 creation error: timed out waiting for the condition&#xA;namespace test-tvd020-1 object small-rc-7 creation error: timed out waiting for the condition&#xA;namespace test-tvd020-5 object small-rc-67 creation error: timed out waiting for the condition&#xA;namespace test-tvd020-8 object small-rc-14 creation error: timed out waiting for the condition&#xA;namespace test-tvd020-4 object small-rc-5 creation error: timed out waiting for the condition&#xA;namespace test-tvd020-4 object small-rc-64 creation error: timed out waiting for the condition&#xA;namespace test-tvd020-6 object small-rc-49 creation error: timed out waiting for the condition&#xA;namespace test-tvd020-7 object small-rc-13 creation error: timed out waiting for the condition&#xA;namespace test-tvd020-1 object small-rc-3 creation error: timed out waiting for the condition&#xA;namespace test-tvd020-2 object small-rc-14 creation error: timed out waiting for the condition&#xA;namespace test-tvd020-8 object small-rc-49 creation error: timed out waiting for the condition&#xA;namespace test-tvd020-5 object small-rc-22 creation error: timed out waiting for the condition&#xA;namespace test-tvd020-6 object small-rc-46 creation error: timed out waiting for the condition&#xA;namespace test-tvd020-1 object small-rc-33 creation error: timed out waiting for the condition&#xA;namespace test-tvd020-7 object small-rc-36 creation error: timed out waiting for the condition&#xA;namespace test-tvd020-2 object small-rc-1 creation error: timed out waiting for the condition&#xA;namespace test-tvd020-6 object small-rc-74 creation error: timed out waiting for the condition&#xA;namespace test-tvd020-4 object small-rc-17 creation error: timed out waiting for the condition&#xA;namespace test-tvd020-4 object small-rc-67 creation error: timed out waiting for the condition&#xA;namespace test-tvd020-1 object small-rc-17 creation error: timed out waiting for the condition&#xA;namespace test-tvd020-5 object small-rc-15 creation error: timed out waiting for the condition&#xA;namespace test-tvd020-5 object small-rc-28 creation error: timed out waiting for the condition&#xA;namespace test-tvd020-8 object small-rc-43 creation error: timed out waiting for the condition&#xA;namespace test-tvd020-6 object small-rc-41 creation error: timed out waiting for the condition&#xA;namespace test-tvd020-4 object small-rc-60 creation error: timed out waiting for the condition&#xA;namespace test-tvd020-6 object small-rc-9 creation error: timed out waiting for the condition&#xA;namespace test-tvd020-8 object small-rc-48 creation error: timed out waiting for the condition&#xA;namespace test-tvd020-2 object small-rc-45 creation error: timed out waiting for the condition&#xA;namespace test-tvd020-7 object small-rc-53 creation error: timed out waiting for the condition&#xA;namespace test-tvd020-8 object small-rc-1 creation error: timed out waiting for the condition&#xA;namespace test-tvd020-6 object small-rc-62 creation error: timed out waiting for the condition&#xA;namespace test-tvd020-1 object small-rc-20 creation error: timed out waiting for the condition&#xA;namespace test-tvd020-4 object small-rc-55 creation error: timed out waiting for the condition&#xA;namespace test-tvd020-3 object small-rc-35 creation error: timed out waiting for the condition&#xA;namespace test-tvd020-5 object small-rc-3 creation error: timed out waiting for the condition&#xA;namespace test-tvd020-3 object small-rc-36 creation error: timed out waiting for the condition&#xA;namespace test-tvd020-3 object small-rc-15 creation error: timed out waiting for the condition&#xA;namespace test-tvd020-8 object small-rc-33 creation error: timed out waiting for the condition&#xA;namespace test-tvd020-2 object small-rc-59 creation error: timed out waiting for the condition&#xA;namespace test-tvd020-5 object small-rc-57 creation error: timed out waiting for the condition&#xA;namespace test-tvd020-2 object small-rc-3 creation error: timed out waiting for the condition&#xA;namespace test-tvd020-9 object small-rc-0 creation error: timed out waiting for the condition&#xA;measurement call WaitForControlledPodsRunning - WaitForRunningRCs error: incorrect objects number&#xA;namespace test-tvd020-7 object small-rc-71 updating error: replicationcontrollers &#34;small-rc-71&#34; not found&#xA;namespace test-tvd020-1 object small-rc-9 updating error: replicationcontrollers &#34;small-rc-9&#34; not found&#xA;namespace test-tvd020-5 object small-rc-59 updating error: replicationcontrollers &#34;small-rc-59&#34; not found&#xA;namespace test-tvd020-4 object small-rc-5 updating error: replicationcontrollers &#34;small-rc-5&#34; not found&#xA;namespace test-tvd020-5 object small-rc-23 updating error: replicationcontrollers &#34;small-rc-23&#34; not found&#xA;namespace test-tvd020-7 object small-rc-5 updating error: replicationcontrollers &#34;small-rc-5&#34; not found&#xA;namespace test-tvd020-6 object small-rc-27 updating error: replicationcontrollers &#34;small-rc-27&#34; not found&#xA;namespace test-tvd020-6 object small-rc-74 updating error: replicationcontrollers &#34;small-rc-74&#34; not found&#xA;namespace test-tvd020-8 object small-rc-24 updating error: replicationcontrollers &#34;small-rc-24&#34; not found&#xA;namespace test-tvd020-1 object small-rc-63 updating error: replicationcontrollers &#34;small-rc-63&#34; not found&#xA;namespace test-tvd020-4 object small-rc-60 updating error: replicationcontrollers &#34;small-rc-60&#34; not found&#xA;namespace test-tvd020-4 object small-rc-58 updating error: replicationcontrollers &#34;small-rc-58&#34; not found&#xA;namespace test-tvd020-6 object small-rc-46 updating error: replicationcontrollers &#34;small-rc-46&#34; not found&#xA;namespace test-tvd020-8 object small-rc-44 updating error: replicationcontrollers &#34;small-rc-44&#34; not found&#xA;namespace test-tvd020-5 object small-rc-15 updating error: replicationcontrollers &#34;small-rc-15&#34; not found&#xA;namespace test-tvd020-8 object small-rc-48 updating error: replicationcontrollers &#34;small-rc-48&#34; not found&#xA;namespace test-tvd020-1 object small-rc-64 updating error: replicationcontrollers &#34;small-rc-64&#34; not found&#xA;namespace test-tvd020-6 object small-rc-41 updating error: replicationcontrollers &#34;small-rc-41&#34; not found&#xA;namespace test-tvd020-4 object small-rc-17 updating error: replicationcontrollers &#34;small-rc-17&#34; not found&#xA;namespace test-tvd020-8 object small-rc-1 updating error: replicationcontrollers &#34;small-rc-1&#34; not found&#xA;namespace test-tvd020-5 object small-rc-22 updating error: replicationcontrollers &#34;small-rc-22&#34; not found&#xA;namespace test-tvd020-7 object small-rc-11 updating error: replicationcontrollers &#34;small-rc-11&#34; not found&#xA;namespace test-tvd020-2 object small-rc-58 updating error: replicationcontrollers &#34;small-rc-58&#34; not found&#xA;namespace test-tvd020-7 object small-rc-53 updating error: replicationcontrollers &#34;small-rc-53&#34; not found&#xA;namespace test-tvd020-9 object small-rc-0 updating error: replicationcontrollers &#34;small-rc-0&#34; not found&#xA;namespace test-tvd020-5 object small-rc-63 updating error: replicationcontrollers &#34;small-rc-63&#34; not found&#xA;namespace test-tvd020-8 object small-rc-52 updating error: replicationcontrollers &#34;small-rc-52&#34; not found&#xA;namespace test-tvd020-6 object small-rc-9 updating error: replicationcontrollers &#34;small-rc-9&#34; not found&#xA;namespace test-tvd020-4 object small-rc-33 updating error: replicationcontrollers &#34;small-rc-33&#34; not found&#xA;namespace test-tvd020-7 object small-rc-48 updating error: replicationcontrollers &#34;small-rc-48&#34; not found&#xA;namespace test-tvd020-8 object small-rc-14 updating error: replicationcontrollers &#34;small-rc-14&#34; not found&#xA;namespace test-tvd020-4 object small-rc-19 updating error: replicationcontrollers &#34;small-rc-19&#34; not found&#xA;namespace test-tvd020-3 object small-rc-49 updating error: replicationcontrollers &#34;small-rc-49&#34; not found&#xA;namespace test-tvd020-1 object small-rc-33 updating error: replicationcontrollers &#34;small-rc-33&#34; not found&#xA;namespace test-tvd020-9 object small-rc-1 updating error: replicationcontrollers &#34;small-rc-1&#34; not found&#xA;namespace test-tvd020-9 object small-rc-24 updating error: replicationcontrollers &#34;small-rc-24&#34; not found&#xA;namespace test-tvd020-6 object small-rc-60 updating error: replicationcontrollers &#34;small-rc-60&#34; not found&#xA;namespace test-tvd020-8 object small-rc-31 updating error: replicationcontrollers &#34;small-rc-31&#34; not found&#xA;namespace test-tvd020-9 object small-rc-23 updating error: replicationcontrollers &#34;small-rc-23&#34; not found&#xA;namespace test-tvd020-5 object small-rc-41 updating error: replicationcontrollers &#34;small-rc-41&#34; not found&#xA;namespace test-tvd020-3 object small-rc-51 updating error: replicationcontrollers &#34;small-rc-51&#34; not found&#xA;namespace test-tvd020-5 object small-rc-9 updating error: replicationcontrollers &#34;small-rc-9&#34; not found&#xA;namespace test-tvd020-7 object small-rc-2 updating error: replicationcontrollers &#34;small-rc-2&#34; not found&#xA;namespace test-tvd020-3 object small-rc-15 updating error: replicationcontrollers &#34;small-rc-15&#34; not found&#xA;namespace test-tvd020-4 object small-rc-28 updating error: replicationcontrollers &#34;small-rc-28&#34; not found&#xA;namespace test-tvd020-3 object small-rc-35 updating error: replicationcontrollers &#34;small-rc-35&#34; not found&#xA;namespace test-tvd020-1 object small-rc-73 updating error: replicationcontrollers &#34;small-rc-73&#34; not found&#xA;namespace test-tvd020-5 object small-rc-17 updating error: replicationcontrollers &#34;small-rc-17&#34; not found&#xA;namespace test-tvd020-6 object small-rc-20 updating error: replicationcontrollers &#34;small-rc-20&#34; not found&#xA;namespace test-tvd020-4 object small-rc-2 updating error: replicationcontrollers &#34;small-rc-2&#34; not found&#xA;namespace test-tvd020-8 object small-rc-33 updating error: replicationcontrollers &#34;small-rc-33&#34; not found&#xA;namespace test-tvd020-3 object small-rc-46 updating error: replicationcontrollers &#34;small-rc-46&#34; not found&#xA;namespace test-tvd020-6 object small-rc-49 updating error: replicationcontrollers &#34;small-rc-49&#34; not found&#xA;namespace test-tvd020-3 object small-rc-18 updating error: replicationcontrollers &#34;small-rc-18&#34; not found&#xA;namespace test-tvd020-5 object small-rc-28 updating error: replicationcontrollers &#34;small-rc-28&#34; not found&#xA;namespace test-tvd020-2 object small-rc-3 updating error: replicationcontrollers &#34;small-rc-3&#34; not found&#xA;namespace test-tvd020-2 object small-rc-1 updating error: replicationcontrollers &#34;small-rc-1&#34; not found&#xA;namespace test-tvd020-1 object small-rc-3 updating error: replicationcontrollers &#34;small-rc-3&#34; not found&#xA;namespace test-tvd020-8 object small-rc-43 updating error: replicationcontrollers &#34;small-rc-43&#34; not found&#xA;namespace test-tvd020-2 object small-rc-14 updating error: replicationcontrollers &#34;small-rc-14&#34; not found&#xA;namespace test-tvd020-7 object small-rc-36 updating error: replicationcontrollers &#34;small-rc-36&#34; not found&#xA;namespace test-tvd020-1 object small-rc-7 updating error: replicationcontrollers &#34;small-rc-7&#34; not found&#xA;namespace test-tvd020-6 object small-rc-42 updating error: replicationcontrollers &#34;small-rc-42&#34; not found&#xA;namespace test-tvd020-5 object small-rc-57 updating error: replicationcontrollers &#34;small-rc-57&#34; not found&#xA;namespace test-tvd020-4 object small-rc-67 updating error: replicationcontrollers &#34;small-rc-67&#34; not found&#xA;namespace test-tvd020-5 object small-rc-43 updating error: replicationcontrollers &#34;small-rc-43&#34; not found&#xA;namespace test-tvd020-2 object small-rc-59 updating error: replicationcontrollers &#34;small-rc-59&#34; not found&#xA;namespace test-tvd020-4 object small-rc-38 updating error: replicationcontrollers &#34;small-rc-38&#34; not found&#xA;namespace test-tvd020-7 object small-rc-39 updating error: replicationcontrollers &#34;small-rc-39&#34; not found&#xA;namespace test-tvd020-8 object small-rc-49 updating error: replicationcontrollers &#34;small-rc-49&#34; not found&#xA;namespace test-tvd020-1 object small-rc-17 updating error: replicationcontrollers &#34;small-rc-17&#34; not found&#xA;namespace test-tvd020-5 object small-rc-20 updating error: replicationcontrollers &#34;small-rc-20&#34; not found&#xA;namespace test-tvd020-6 object small-rc-71 updating error: replicationcontrollers &#34;small-rc-71&#34; not found&#xA;namespace test-tvd020-4 object small-rc-6 updating error: replicationcontrollers &#34;small-rc-6&#34; not found&#xA;namespace test-tvd020-5 object small-rc-67 updating error: replicationcontrollers &#34;small-rc-67&#34; not found&#xA;namespace test-tvd020-1 object small-rc-70 updating error: replicationcontrollers &#34;small-rc-70&#34; not found&#xA;namespace test-tvd020-3 object small-rc-25 updating error: replicationcontrollers &#34;small-rc-25&#34; not found&#xA;namespace test-tvd020-2 object small-rc-2 updating error: replicationcontrollers &#34;small-rc-2&#34; not found&#xA;namespace test-tvd020-4 object small-rc-64 updating error: replicationcontrollers &#34;small-rc-64&#34; not found&#xA;namespace test-tvd020-9 object small-rc-43 updating error: replicationcontrollers &#34;small-rc-43&#34; not found&#xA;namespace test-tvd020-1 object small-rc-37 updating error: replicationcontrollers &#34;small-rc-37&#34; not found&#xA;namespace test-tvd020-8 object small-rc-74 updating error: replicationcontrollers &#34;small-rc-74&#34; not found&#xA;namespace test-tvd020-4 object small-rc-55 updating error: replicationcontrollers &#34;small-rc-55&#34; not found&#xA;namespace test-tvd020-7 object small-rc-29 updating error: replicationcontrollers &#34;small-rc-29&#34; not found&#xA;namespace test-tvd020-3 object small-rc-20 updating error: replicationcontrollers &#34;small-rc-20&#34; not found&#xA;namespace test-tvd020-1 object small-rc-58 updating error: replicationcontrollers &#34;small-rc-58&#34; not found&#xA;namespace test-tvd020-6 object small-rc-24 updating error: replicationcontrollers &#34;small-rc-24&#34; not found&#xA;namespace test-tvd020-3 object small-rc-12 updating error: replicationcontrollers &#34;small-rc-12&#34; not found&#xA;namespace test-tvd020-2 object small-rc-45 updating error: replicationcontrollers &#34;small-rc-45&#34; not found&#xA;namespace test-tvd020-8 object small-rc-57 updating error: replicationcontrollers &#34;small-rc-57&#34; not found&#xA;namespace test-tvd020-3 object small-rc-13 updating error: replicationcontrollers &#34;small-rc-13&#34; not found&#xA;namespace test-tvd020-8 object small-rc-59 updating error: replicationcontrollers &#34;small-rc-59&#34; not found&#xA;namespace test-tvd020-1 object small-rc-20 updating error: replicationcontrollers &#34;small-rc-20&#34; not found&#xA;namespace test-tvd020-3 object small-rc-36 updating error: replicationcontrollers &#34;small-rc-36&#34; not found&#xA;namespace test-tvd020-6 object small-rc-62 updating error: replicationcontrollers &#34;small-rc-62&#34; not found&#xA;namespace test-tvd020-6 object small-rc-37 updating error: replicationcontrollers &#34;small-rc-37&#34; not found&#xA;namespace test-tvd020-1 object small-rc-15 updating error: replicationcontrollers &#34;small-rc-15&#34; not found&#xA;namespace test-tvd020-5 object small-rc-31 updating error: replicationcontrollers &#34;small-rc-31&#34; not found&#xA;namespace test-tvd020-5 object small-rc-3 updating error: replicationcontrollers &#34;small-rc-3&#34; not found&#xA;namespace test-tvd020-1 object small-rc-22 updating error: replicationcontrollers &#34;small-rc-22&#34; not found&#xA;namespace test-tvd020-7 object small-rc-15 updating error: replicationcontrollers &#34;small-rc-15&#34; not found&#xA;namespace test-tvd020-7 object small-rc-13 updating error: replicationcontrollers &#34;small-rc-13&#34; not found&#xA;namespace test-tvd020-2 object small-rc-24 updating error: replicationcontrollers &#34;small-rc-24&#34; not found&#xA;namespace test-tvd020-7 object small-rc-10 updating error: replicationcontrollers &#34;small-rc-10&#34; not found&#xA;namespace test-tvd020-9 object small-rc-57 updating error: replicationcontrollers &#34;small-rc-57&#34; not found&#xA;namespace test-tvd020-4 object medium-rc-11 updating error: replicationcontrollers &#34;medium-rc-11&#34; not found&#xA;namespace test-tvd020-1 object medium-rc-13 updating error: replicationcontrollers &#34;medium-rc-13&#34; not found&#xA;namespace test-tvd020-6 object medium-rc-3 updating error: replicationcontrollers &#34;medium-rc-3&#34; not found&#xA;namespace test-tvd020-3 object medium-rc-16 updating error: replicationcontrollers &#34;medium-rc-16&#34; not found&#xA;namespace test-tvd020-1 object medium-rc-12 updating error: replicationcontrollers &#34;medium-rc-12&#34; not found&#xA;namespace test-tvd020-5 object medium-rc-10 updating error: replicationcontrollers &#34;medium-rc-10&#34; not found&#xA;namespace test-tvd020-3 object medium-rc-12 updating error: replicationcontrollers &#34;medium-rc-12&#34; not found&#xA;namespace test-tvd020-9 object medium-rc-15 updating error: replicationcontrollers &#34;medium-rc-15&#34; not found&#xA;namespace test-tvd020-6 object medium-rc-15 updating error: replicationcontrollers &#34;medium-rc-15&#34; not found&#xA;namespace test-tvd020-9 object medium-rc-13 updating error: replicationcontrollers &#34;medium-rc-13&#34; not found&#xA;namespace test-tvd020-1 object medium-rc-15 updating error: replicationcontrollers &#34;medium-rc-15&#34; not found&#xA;namespace test-tvd020-4 object medium-rc-7 updating error: replicationcontrollers &#34;medium-rc-7&#34; not found&#xA;namespace test-tvd020-3 object medium-rc-4 updating error: replicationcontrollers &#34;medium-rc-4&#34; not found&#xA;namespace test-tvd020-2 object medium-rc-12 updating error: replicationcontrollers &#34;medium-rc-12&#34; not found&#xA;namespace test-tvd020-5 object medium-rc-17 updating error: replicationcontrollers &#34;medium-rc-17&#34; not found&#xA;namespace test-tvd020-1 object medium-rc-11 updating error: replicationcontrollers &#34;medium-rc-11&#34; not found&#xA;namespace test-tvd020-1 object medium-rc-17 updating error: replicationcontrollers &#34;medium-rc-17&#34; not found&#xA;namespace test-tvd020-2 object medium-rc-16 updating error: replicationcontrollers &#34;medium-rc-16&#34; not found&#xA;namespace test-tvd020-3 object medium-rc-10 updating error: replicationcontrollers &#34;medium-rc-10&#34; not found&#xA;namespace test-tvd020-5 object medium-rc-4 updating error: replicationcontrollers &#34;medium-rc-4&#34; not found&#xA;namespace test-tvd020-4 object medium-rc-1 updating error: replicationcontrollers &#34;medium-rc-1&#34; not found&#xA;namespace test-tvd020-2 object medium-rc-7 updating error: replicationcontrollers &#34;medium-rc-7&#34; not found&#xA;namespace test-tvd020-7 object medium-rc-14 updating error: replicationcontrollers &#34;medium-rc-14&#34; not found&#xA;measurement call WaitForControlledPodsRunning - WaitForRunningRCs error: incorrect objects number&#xA;measurement call WaitForControlledPodsRunning - WaitForRunningRCs error: incorrect objects number&#xA;measurement call APIResponsiveness - APIResponsiveness error: top latency metric: there should be no high-latency requests]&#xA;:0</failure>
      </testcase>
  </testsuite>