<?xml version="1.0" encoding="UTF-8"?>
  <testsuite name="ClusterLoaderV2" tests="1" failures="1" errors="0" time="1572.885">
      <testcase name="./testing/load/config.yaml" classname="ClusterLoaderV2" time="1572.885097894">
          <failure type="Failure">:0&#xA;[measurement call TestMetrics - TestMetrics error: [text format parsing error in line 1: invalid metric name]]&#xA;:0</failure>
      </testcase>
  </testsuite>