<?xml version="1.0" encoding="UTF-8"?>
  <testsuite name="ClusterLoaderV2" tests="1" failures="1" errors="0" time="2780.013">
      <testcase name="./testing/load/config.yaml" classname="ClusterLoaderV2" time="2780.013659255">
          <failure type="Failure">:0&#xA;[measurement call WaitForControlledPodsRunning - WaitForRunningRCs error: unknown objects statuses: []]&#xA;:0</failure>
      </testcase>
  </testsuite>