<?xml version="1.0" encoding="UTF-8"?>
  <testsuite name="ClusterLoaderV2" tests="1" failures="0" errors="0" time="2673.318">
      <testcase name="./testing/load/config.yaml" classname="ClusterLoaderV2" time="2673.318528913"></testcase>
  </testsuite>