<?xml version="1.0" encoding="UTF-8"?>
  <testsuite name="ClusterLoaderV2" tests="1" failures="1" errors="0" time="3015.636">
      <testcase name="./testing/load/config.yaml" classname="ClusterLoaderV2" time="3015.63658061">
          <failure type="Failure">:0&#xA;[measurement call WaitForControlledPodsRunning - WaitForRunningRCs error: incorrect objects number&#xA;namespace test-3tbpm8-9 object small-rc-33 updating error: Get https://10.21.1.10:6443/api/v1/namespaces/test-3tbpm8-9/replicationcontrollers/small-rc-33: dial tcp 10.21.1.10:6443: connect: connection refused&#xA;measurement call WaitForControlledPodsRunning - WaitForRunningRCs error: incorrect objects number&#xA;measurement call WaitForControlledPodsRunning - WaitForRunningRCs error: incorrect objects number&#xA;measurement call APIResponsiveness - APIResponsiveness error: top latency metric: there should be no high-latency requests]&#xA;:0</failure>
      </testcase>
  </testsuite>