<?xml version="1.0" encoding="UTF-8"?>
  <testsuite name="ClusterLoaderV2" tests="1" failures="0" errors="0" time="140.39">
      <testcase name="./testing/density/config.yaml" classname="ClusterLoaderV2" time="140.390189323"></testcase>
  </testsuite>