<?xml version="1.0" encoding="UTF-8"?>
  <testsuite name="ClusterLoaderV2" tests="1" failures="1" errors="0" time="2913.135">
      <testcase name="./testing/load/config.yaml" classname="ClusterLoaderV2" time="2913.135050118">
          <failure type="Failure">:0&#xA;[namespace test-5573gx-1 object medium-rc-6 creation error: timed out waiting for the condition&#xA;namespace test-5573gx-2 object medium-rc-23 creation error: timed out waiting for the condition&#xA;namespace test-5573gx-4 object medium-rc-0 creation error: timed out waiting for the condition&#xA;namespace test-5573gx-5 object small-rc-287 creation error: timed out waiting for the condition&#xA;namespace test-5573gx-1 object small-rc-13 creation error: timed out waiting for the condition&#xA;namespace test-5573gx-1 object small-rc-295 creation error: timed out waiting for the condition&#xA;namespace test-5573gx-5 object small-rc-21 creation error: timed out waiting for the condition&#xA;namespace test-5573gx-5 object small-rc-103 creation error: timed out waiting for the condition&#xA;namespace test-5573gx-1 object small-rc-162 creation error: timed out waiting for the condition&#xA;namespace test-5573gx-5 object small-rc-74 creation error: timed out waiting for the condition&#xA;namespace test-5573gx-1 object small-rc-258 creation error: timed out waiting for the condition&#xA;namespace test-5573gx-5 object small-rc-289 creation error: timed out waiting for the condition&#xA;namespace test-5573gx-1 object small-rc-292 creation error: timed out waiting for the condition&#xA;namespace test-5573gx-5 object small-rc-241 creation error: timed out waiting for the condition&#xA;namespace test-5573gx-1 object small-rc-25 creation error: timed out waiting for the condition&#xA;namespace test-5573gx-1 object small-rc-107 creation error: timed out waiting for the condition&#xA;namespace test-5573gx-1 object small-rc-133 creation error: timed out waiting for the condition&#xA;namespace test-5573gx-2 object small-rc-137 creation error: timed out waiting for the condition&#xA;namespace test-5573gx-3 object small-rc-182 creation error: timed out waiting for the condition&#xA;namespace test-5573gx-2 object small-rc-225 creation error: timed out waiting for the condition&#xA;namespace test-5573gx-2 object small-rc-160 creation error: timed out waiting for the condition&#xA;namespace test-5573gx-1 object small-rc-82 creation error: timed out waiting for the condition&#xA;namespace test-5573gx-2 object small-rc-174 creation error: timed out waiting for the condition&#xA;namespace test-5573gx-3 object small-rc-221 creation error: timed out waiting for the condition&#xA;namespace test-5573gx-1 object small-rc-165 creation error: timed out waiting for the condition&#xA;namespace test-5573gx-3 object small-rc-232 creation error: timed out waiting for the condition&#xA;namespace test-5573gx-2 object small-rc-290 creation error: timed out waiting for the condition&#xA;namespace test-5573gx-1 object small-rc-50 creation error: timed out waiting for the condition&#xA;namespace test-5573gx-1 object small-rc-272 creation error: timed out waiting for the condition&#xA;namespace test-5573gx-1 object small-rc-132 creation error: timed out waiting for the condition&#xA;namespace test-5573gx-1 object small-rc-275 creation error: timed out waiting for the condition&#xA;namespace test-5573gx-1 object small-rc-200 creation error: timed out waiting for the condition&#xA;namespace test-5573gx-1 object small-rc-189 creation error: timed out waiting for the condition&#xA;namespace test-5573gx-5 object small-rc-78 creation error: timed out waiting for the condition&#xA;namespace test-5573gx-4 object small-rc-255 creation error: timed out waiting for the condition&#xA;namespace test-5573gx-4 object small-rc-68 creation error: timed out waiting for the condition&#xA;namespace test-5573gx-1 object small-rc-286 creation error: timed out waiting for the condition&#xA;namespace test-5573gx-3 object small-rc-145 creation error: timed out waiting for the condition&#xA;namespace test-5573gx-4 object small-rc-9 creation error: timed out waiting for the condition&#xA;namespace test-5573gx-1 object small-rc-196 creation error: timed out waiting for the condition&#xA;namespace test-5573gx-1 object small-rc-188 creation error: timed out waiting for the condition&#xA;namespace test-5573gx-5 object small-rc-251 creation error: timed out waiting for the condition&#xA;namespace test-5573gx-1 object small-rc-52 creation error: timed out waiting for the condition&#xA;namespace test-5573gx-2 object small-rc-161 creation error: timed out waiting for the condition&#xA;namespace test-5573gx-3 object small-rc-279 creation error: timed out waiting for the condition&#xA;namespace test-5573gx-2 object small-rc-268 creation error: timed out waiting for the condition&#xA;namespace test-5573gx-3 object small-rc-264 creation error: timed out waiting for the condition&#xA;namespace test-5573gx-2 object small-rc-89 creation error: timed out waiting for the condition&#xA;namespace test-5573gx-4 object small-rc-245 creation error: timed out waiting for the condition&#xA;namespace test-5573gx-3 object small-rc-168 creation error: timed out waiting for the condition&#xA;namespace test-5573gx-3 object small-rc-59 creation error: timed out waiting for the condition&#xA;measurement call WaitForControlledPodsRunning - WaitForRunningRCs error: incorrect objects number&#xA;namespace test-5573gx-1 object medium-rc-6 updating error: replicationcontrollers &#34;medium-rc-6&#34; not found&#xA;namespace test-5573gx-2 object medium-rc-23 updating error: replicationcontrollers &#34;medium-rc-23&#34; not found&#xA;namespace test-5573gx-4 object medium-rc-0 updating error: replicationcontrollers &#34;medium-rc-0&#34; not found&#xA;namespace test-5573gx-5 object small-rc-74 updating error: replicationcontrollers &#34;small-rc-74&#34; not found&#xA;namespace test-5573gx-1 object small-rc-295 updating error: replicationcontrollers &#34;small-rc-295&#34; not found&#xA;namespace test-5573gx-3 object small-rc-145 updating error: replicationcontrollers &#34;small-rc-145&#34; not found&#xA;namespace test-5573gx-1 object small-rc-107 updating error: replicationcontrollers &#34;small-rc-107&#34; not found&#xA;namespace test-5573gx-1 object small-rc-286 updating error: replicationcontrollers &#34;small-rc-286&#34; not found&#xA;namespace test-5573gx-1 object small-rc-189 updating error: replicationcontrollers &#34;small-rc-189&#34; not found&#xA;namespace test-5573gx-5 object small-rc-78 updating error: replicationcontrollers &#34;small-rc-78&#34; not found&#xA;namespace test-5573gx-1 object small-rc-258 updating error: replicationcontrollers &#34;small-rc-258&#34; not found&#xA;namespace test-5573gx-5 object small-rc-21 updating error: replicationcontrollers &#34;small-rc-21&#34; not found&#xA;namespace test-5573gx-1 object small-rc-272 updating error: replicationcontrollers &#34;small-rc-272&#34; not found&#xA;namespace test-5573gx-4 object small-rc-255 updating error: replicationcontrollers &#34;small-rc-255&#34; not found&#xA;namespace test-5573gx-5 object small-rc-251 updating error: replicationcontrollers &#34;small-rc-251&#34; not found&#xA;namespace test-5573gx-5 object small-rc-289 updating error: replicationcontrollers &#34;small-rc-289&#34; not found&#xA;namespace test-5573gx-1 object small-rc-82 updating error: replicationcontrollers &#34;small-rc-82&#34; not found&#xA;namespace test-5573gx-2 object small-rc-174 updating error: replicationcontrollers &#34;small-rc-174&#34; not found&#xA;namespace test-5573gx-3 object small-rc-59 updating error: replicationcontrollers &#34;small-rc-59&#34; not found&#xA;namespace test-5573gx-2 object small-rc-161 updating error: replicationcontrollers &#34;small-rc-161&#34; not found&#xA;namespace test-5573gx-1 object small-rc-162 updating error: replicationcontrollers &#34;small-rc-162&#34; not found&#xA;namespace test-5573gx-3 object small-rc-232 updating error: replicationcontrollers &#34;small-rc-232&#34; not found&#xA;namespace test-5573gx-3 object small-rc-221 updating error: replicationcontrollers &#34;small-rc-221&#34; not found&#xA;namespace test-5573gx-3 object small-rc-168 updating error: replicationcontrollers &#34;small-rc-168&#34; not found&#xA;namespace test-5573gx-2 object small-rc-290 updating error: replicationcontrollers &#34;small-rc-290&#34; not found&#xA;namespace test-5573gx-2 object small-rc-137 updating error: replicationcontrollers &#34;small-rc-137&#34; not found&#xA;namespace test-5573gx-1 object small-rc-52 updating error: replicationcontrollers &#34;small-rc-52&#34; not found&#xA;namespace test-5573gx-2 object small-rc-160 updating error: replicationcontrollers &#34;small-rc-160&#34; not found&#xA;namespace test-5573gx-1 object small-rc-165 updating error: replicationcontrollers &#34;small-rc-165&#34; not found&#xA;namespace test-5573gx-1 object small-rc-200 updating error: replicationcontrollers &#34;small-rc-200&#34; not found&#xA;namespace test-5573gx-1 object small-rc-292 updating error: replicationcontrollers &#34;small-rc-292&#34; not found&#xA;namespace test-5573gx-3 object small-rc-279 updating error: replicationcontrollers &#34;small-rc-279&#34; not found&#xA;namespace test-5573gx-3 object small-rc-264 updating error: replicationcontrollers &#34;small-rc-264&#34; not found&#xA;namespace test-5573gx-3 object small-rc-182 updating error: replicationcontrollers &#34;small-rc-182&#34; not found&#xA;namespace test-5573gx-4 object small-rc-245 updating error: replicationcontrollers &#34;small-rc-245&#34; not found&#xA;namespace test-5573gx-4 object small-rc-68 updating error: replicationcontrollers &#34;small-rc-68&#34; not found&#xA;namespace test-5573gx-1 object small-rc-13 updating error: replicationcontrollers &#34;small-rc-13&#34; not found&#xA;namespace test-5573gx-1 object small-rc-50 updating error: replicationcontrollers &#34;small-rc-50&#34; not found&#xA;namespace test-5573gx-2 object small-rc-89 updating error: replicationcontrollers &#34;small-rc-89&#34; not found&#xA;namespace test-5573gx-1 object small-rc-188 updating error: replicationcontrollers &#34;small-rc-188&#34; not found&#xA;namespace test-5573gx-5 object small-rc-103 updating error: replicationcontrollers &#34;small-rc-103&#34; not found&#xA;namespace test-5573gx-1 object small-rc-132 updating error: replicationcontrollers &#34;small-rc-132&#34; not found&#xA;namespace test-5573gx-1 object small-rc-196 updating error: replicationcontrollers &#34;small-rc-196&#34; not found&#xA;namespace test-5573gx-2 object small-rc-225 updating error: replicationcontrollers &#34;small-rc-225&#34; not found&#xA;namespace test-5573gx-5 object small-rc-287 updating error: replicationcontrollers &#34;small-rc-287&#34; not found&#xA;namespace test-5573gx-5 object small-rc-241 updating error: replicationcontrollers &#34;small-rc-241&#34; not found&#xA;namespace test-5573gx-1 object small-rc-25 updating error: replicationcontrollers &#34;small-rc-25&#34; not found&#xA;namespace test-5573gx-1 object small-rc-133 updating error: replicationcontrollers &#34;small-rc-133&#34; not found&#xA;namespace test-5573gx-4 object small-rc-9 updating error: replicationcontrollers &#34;small-rc-9&#34; not found&#xA;namespace test-5573gx-1 object small-rc-275 updating error: replicationcontrollers &#34;small-rc-275&#34; not found&#xA;namespace test-5573gx-2 object small-rc-268 updating error: replicationcontrollers &#34;small-rc-268&#34; not found&#xA;measurement call WaitForControlledPodsRunning - WaitForRunningRCs error: incorrect objects number&#xA;measurement call WaitForControlledPodsRunning - WaitForRunningRCs error: incorrect objects number&#xA;measurement call APIResponsiveness - APIResponsiveness error: top latency metric: there should be no high-latency requests]&#xA;:0</failure>
      </testcase>
  </testsuite>