<?xml version="1.0" encoding="UTF-8"?>
  <testsuite name="ClusterLoaderV2" tests="1" failures="0" errors="0" time="705.25">
      <testcase name="./testing/density/config.yaml" classname="ClusterLoaderV2" time="705.250647227"></testcase>
  </testsuite>