<?xml version="1.0" encoding="UTF-8"?>
  <testsuite name="ClusterLoaderV2" tests="1" failures="1" errors="0" time="2196.246">
      <testcase name="./testing/load/config.yaml" classname="ClusterLoaderV2" time="2196.246291813">
          <failure type="Failure">:0&#xA;[namespace test-sceee2-2 object medium-rc-9 creation error: timed out waiting for the condition&#xA;namespace test-sceee2-3 object medium-rc-10 creation error: timed out waiting for the condition&#xA;namespace test-sceee2-4 object small-rc-48 creation error: timed out waiting for the condition&#xA;namespace test-sceee2-1 object small-rc-35 creation error: timed out waiting for the condition&#xA;namespace test-sceee2-4 object small-rc-11 creation error: timed out waiting for the condition&#xA;namespace test-sceee2-7 object small-rc-5 creation error: timed out waiting for the condition&#xA;namespace test-sceee2-10 object small-rc-18 creation error: timed out waiting for the condition&#xA;namespace test-sceee2-2 object small-rc-25 creation error: timed out waiting for the condition&#xA;namespace test-sceee2-2 object small-rc-31 creation error: timed out waiting for the condition&#xA;namespace test-sceee2-6 object small-rc-37 creation error: timed out waiting for the condition&#xA;namespace test-sceee2-3 object small-rc-43 creation error: timed out waiting for the condition&#xA;namespace test-sceee2-2 object small-rc-34 creation error: timed out waiting for the condition&#xA;namespace test-sceee2-1 object small-rc-45 creation error: timed out waiting for the condition&#xA;namespace test-sceee2-4 object small-rc-28 creation error: timed out waiting for the condition&#xA;namespace test-sceee2-4 object small-rc-40 creation error: timed out waiting for the condition&#xA;namespace test-sceee2-1 object small-rc-24 creation error: timed out waiting for the condition&#xA;namespace test-sceee2-4 object small-rc-29 creation error: timed out waiting for the condition&#xA;namespace test-sceee2-3 object small-rc-46 creation error: timed out waiting for the condition&#xA;namespace test-sceee2-7 object small-rc-27 creation error: timed out waiting for the condition&#xA;namespace test-sceee2-2 object small-rc-19 creation error: timed out waiting for the condition&#xA;namespace test-sceee2-7 object small-rc-17 creation error: timed out waiting for the condition&#xA;namespace test-sceee2-4 object small-rc-31 creation error: timed out waiting for the condition&#xA;namespace test-sceee2-8 object small-rc-40 creation error: timed out waiting for the condition&#xA;namespace test-sceee2-9 object small-rc-19 creation error: timed out waiting for the condition&#xA;namespace test-sceee2-7 object small-rc-14 creation error: timed out waiting for the condition&#xA;namespace test-sceee2-8 object small-rc-19 creation error: timed out waiting for the condition&#xA;namespace test-sceee2-1 object small-rc-31 creation error: timed out waiting for the condition&#xA;namespace test-sceee2-8 object small-rc-30 creation error: timed out waiting for the condition&#xA;measurement call WaitForControlledPodsRunning - WaitForRunningRCs error: incorrect objects number&#xA;namespace test-sceee2-2 object medium-rc-9 updating error: replicationcontrollers &#34;medium-rc-9&#34; not found&#xA;namespace test-sceee2-3 object medium-rc-10 updating error: replicationcontrollers &#34;medium-rc-10&#34; not found&#xA;namespace test-sceee2-8 object small-rc-40 updating error: replicationcontrollers &#34;small-rc-40&#34; not found&#xA;namespace test-sceee2-1 object small-rc-31 updating error: replicationcontrollers &#34;small-rc-31&#34; not found&#xA;namespace test-sceee2-4 object small-rc-31 updating error: replicationcontrollers &#34;small-rc-31&#34; not found&#xA;namespace test-sceee2-8 object small-rc-19 updating error: replicationcontrollers &#34;small-rc-19&#34; not found&#xA;namespace test-sceee2-4 object small-rc-48 updating error: replicationcontrollers &#34;small-rc-48&#34; not found&#xA;namespace test-sceee2-1 object small-rc-35 updating error: replicationcontrollers &#34;small-rc-35&#34; not found&#xA;namespace test-sceee2-3 object small-rc-46 updating error: replicationcontrollers &#34;small-rc-46&#34; not found&#xA;namespace test-sceee2-7 object small-rc-17 updating error: replicationcontrollers &#34;small-rc-17&#34; not found&#xA;namespace test-sceee2-7 object small-rc-27 updating error: replicationcontrollers &#34;small-rc-27&#34; not found&#xA;namespace test-sceee2-2 object small-rc-31 updating error: replicationcontrollers &#34;small-rc-31&#34; not found&#xA;namespace test-sceee2-2 object small-rc-19 updating error: replicationcontrollers &#34;small-rc-19&#34; not found&#xA;namespace test-sceee2-4 object small-rc-40 updating error: replicationcontrollers &#34;small-rc-40&#34; not found&#xA;namespace test-sceee2-7 object small-rc-14 updating error: replicationcontrollers &#34;small-rc-14&#34; not found&#xA;namespace test-sceee2-3 object small-rc-43 updating error: replicationcontrollers &#34;small-rc-43&#34; not found&#xA;namespace test-sceee2-2 object small-rc-25 updating error: replicationcontrollers &#34;small-rc-25&#34; not found&#xA;namespace test-sceee2-4 object small-rc-28 updating error: replicationcontrollers &#34;small-rc-28&#34; not found&#xA;namespace test-sceee2-7 object small-rc-5 updating error: replicationcontrollers &#34;small-rc-5&#34; not found&#xA;namespace test-sceee2-4 object small-rc-29 updating error: replicationcontrollers &#34;small-rc-29&#34; not found&#xA;namespace test-sceee2-1 object small-rc-24 updating error: replicationcontrollers &#34;small-rc-24&#34; not found&#xA;namespace test-sceee2-1 object small-rc-45 updating error: replicationcontrollers &#34;small-rc-45&#34; not found&#xA;namespace test-sceee2-6 object small-rc-37 updating error: replicationcontrollers &#34;small-rc-37&#34; not found&#xA;namespace test-sceee2-2 object small-rc-34 updating error: replicationcontrollers &#34;small-rc-34&#34; not found&#xA;namespace test-sceee2-4 object small-rc-11 updating error: replicationcontrollers &#34;small-rc-11&#34; not found&#xA;namespace test-sceee2-9 object small-rc-19 updating error: replicationcontrollers &#34;small-rc-19&#34; not found&#xA;namespace test-sceee2-10 object small-rc-18 updating error: replicationcontrollers &#34;small-rc-18&#34; not found&#xA;namespace test-sceee2-8 object small-rc-30 updating error: replicationcontrollers &#34;small-rc-30&#34; not found&#xA;measurement call WaitForControlledPodsRunning - WaitForRunningRCs error: incorrect objects number&#xA;measurement call WaitForControlledPodsRunning - WaitForRunningRCs error: incorrect objects number&#xA;measurement call APIResponsiveness - APIResponsiveness error: top latency metric: there should be no high-latency requests]&#xA;:0</failure>
      </testcase>
  </testsuite>