<?xml version="1.0" encoding="UTF-8"?>
  <testsuite name="ClusterLoaderV2" tests="1" failures="0" errors="0" time="17.925">
      <testcase name="/usr/go/src/k8s.io/perf-tests/clusterloader2/testing/load/config.yaml" classname="ClusterLoaderV2" time="17.925095788"></testcase>
  </testsuite>