<?xml version="1.0" encoding="UTF-8"?>
  <testsuite name="ClusterLoaderV2" tests="1" failures="0" errors="0" time="132.172">
      <testcase name="./testing/load/config.yaml" classname="ClusterLoaderV2" time="132.172602669"></testcase>
  </testsuite>