<?xml version="1.0" encoding="UTF-8"?>
  <testsuite name="ClusterLoaderV2" tests="1" failures="1" errors="0" time="38.747">
      <testcase name="./testing/density/config.yaml" classname="ClusterLoaderV2" time="38.747053745">
          <failure type="Failure">:0&#xA;[measurement call WaitForControlledPodsRunning - WaitForRunningSaturationRCs error: unknown action gather`]&#xA;:0</failure>
      </testcase>
  </testsuite>