<?xml version="1.0" encoding="UTF-8"?>
  <testsuite name="ClusterLoaderV2" tests="1" failures="0" errors="0" time="279.988">
      <testcase name="./testing/load/config.yaml" classname="ClusterLoaderV2" time="279.988541224"></testcase>
  </testsuite>