<?xml version="1.0" encoding="UTF-8"?>
  <testsuite name="ClusterLoaderV2" tests="1" failures="0" errors="0" time="235.712">
      <testcase name="./testing/density/config.yaml" classname="ClusterLoaderV2" time="235.712841163"></testcase>
  </testsuite>