<?xml version="1.0" encoding="UTF-8"?>
  <testsuite name="ClusterLoaderV2" tests="1" failures="1" errors="0" time="496.208">
      <testcase name="./testing/density/config.yaml" classname="ClusterLoaderV2" time="496.208218789">
          <failure type="Failure">:0&#xA;[measurement call PodStartupLatency - PodStartupLatency error: pod startup: too high latency 90th percentile: 5.199026422s]&#xA;:0</failure>
      </testcase>
  </testsuite>