<?xml version="1.0" encoding="UTF-8"?>
  <testsuite name="ClusterLoaderV2" tests="1" failures="1" errors="0" time="1873.199">
      <testcase name="./testing/load/config.yaml" classname="ClusterLoaderV2" time="1873.199026137">
          <failure type="Failure">:0&#xA;[measurement call TestMetrics - TestMetrics error: [unexpected error (code: 7) in ssh connection to master: &lt;nil&gt;]]&#xA;:0</failure>
      </testcase>
  </testsuite>