<?xml version="1.0" encoding="UTF-8"?>
  <testsuite name="ClusterLoaderV2" tests="1" failures="0" errors="0" time="216.535">
      <testcase name="./testing/density/config.yaml" classname="ClusterLoaderV2" time="216.535084794"></testcase>
  </testsuite>