<?xml version="1.0" encoding="UTF-8"?>
  <testsuite name="ClusterLoaderV2" tests="1" failures="1" errors="0" time="1936.541">
      <testcase name="./testing/load/config.yaml" classname="ClusterLoaderV2" time="1936.541936708">
          <failure type="Failure">:0&#xA;[namespace test-xgxult-2 object medium-rc-7 creation error: timed out waiting for the condition&#xA;namespace test-xgxult-3 object medium-rc-0 creation error: timed out waiting for the condition&#xA;namespace test-xgxult-5 object medium-rc-3 creation error: timed out waiting for the condition&#xA;namespace test-xgxult-4 object medium-rc-6 creation error: timed out waiting for the condition&#xA;namespace test-xgxult-6 object medium-rc-7 creation error: timed out waiting for the condition&#xA;namespace test-xgxult-9 object medium-rc-9 creation error: timed out waiting for the condition&#xA;namespace test-xgxult-7 object medium-rc-8 creation error: timed out waiting for the condition&#xA;namespace test-xgxult-3 object medium-rc-3 creation error: timed out waiting for the condition&#xA;namespace test-xgxult-7 object medium-rc-2 creation error: timed out waiting for the condition&#xA;namespace test-xgxult-1 object small-rc-45 creation error: timed out waiting for the condition&#xA;namespace test-xgxult-4 object small-rc-37 creation error: timed out waiting for the condition&#xA;namespace test-xgxult-5 object small-rc-29 creation error: timed out waiting for the condition&#xA;namespace test-xgxult-7 object small-rc-8 creation error: timed out waiting for the condition&#xA;namespace test-xgxult-8 object small-rc-46 creation error: timed out waiting for the condition&#xA;namespace test-xgxult-5 object small-rc-15 creation error: timed out waiting for the condition&#xA;namespace test-xgxult-3 object small-rc-32 creation error: timed out waiting for the condition&#xA;namespace test-xgxult-7 object small-rc-41 creation error: timed out waiting for the condition&#xA;namespace test-xgxult-9 object small-rc-19 creation error: timed out waiting for the condition&#xA;namespace test-xgxult-7 object small-rc-26 creation error: timed out waiting for the condition&#xA;namespace test-xgxult-9 object small-rc-26 creation error: timed out waiting for the condition&#xA;namespace test-xgxult-6 object small-rc-23 creation error: timed out waiting for the condition&#xA;namespace test-xgxult-3 object small-rc-0 creation error: timed out waiting for the condition&#xA;namespace test-xgxult-8 object small-rc-22 creation error: timed out waiting for the condition&#xA;namespace test-xgxult-6 object small-rc-21 creation error: timed out waiting for the condition&#xA;namespace test-xgxult-6 object small-rc-34 creation error: timed out waiting for the condition&#xA;namespace test-xgxult-7 object small-rc-6 creation error: timed out waiting for the condition&#xA;namespace test-xgxult-4 object small-rc-9 creation error: timed out waiting for the condition&#xA;namespace test-xgxult-5 object small-rc-0 creation error: timed out waiting for the condition&#xA;namespace test-xgxult-1 object small-rc-40 creation error: timed out waiting for the condition&#xA;namespace test-xgxult-1 object small-rc-14 creation error: timed out waiting for the condition&#xA;namespace test-xgxult-1 object small-rc-35 creation error: timed out waiting for the condition&#xA;namespace test-xgxult-7 object small-rc-48 creation error: timed out waiting for the condition&#xA;namespace test-xgxult-8 object small-rc-35 creation error: timed out waiting for the condition&#xA;namespace test-xgxult-2 object small-rc-12 creation error: timed out waiting for the condition&#xA;namespace test-xgxult-9 object small-rc-16 creation error: timed out waiting for the condition&#xA;namespace test-xgxult-7 object small-rc-2 creation error: timed out waiting for the condition&#xA;namespace test-xgxult-7 object small-rc-24 creation error: timed out waiting for the condition&#xA;namespace test-xgxult-6 object small-rc-20 creation error: timed out waiting for the condition&#xA;namespace test-xgxult-2 object small-rc-46 creation error: timed out waiting for the condition&#xA;namespace test-xgxult-7 object small-rc-12 creation error: timed out waiting for the condition&#xA;namespace test-xgxult-2 object small-rc-17 creation error: timed out waiting for the condition&#xA;namespace test-xgxult-8 object small-rc-10 creation error: timed out waiting for the condition&#xA;namespace test-xgxult-1 object small-rc-10 creation error: timed out waiting for the condition&#xA;namespace test-xgxult-9 object small-rc-46 creation error: timed out waiting for the condition&#xA;namespace test-xgxult-7 object small-rc-11 creation error: timed out waiting for the condition&#xA;namespace test-xgxult-4 object small-rc-8 creation error: timed out waiting for the condition&#xA;namespace test-xgxult-5 object small-rc-22 creation error: timed out waiting for the condition&#xA;namespace test-xgxult-2 object small-rc-24 creation error: timed out waiting for the condition&#xA;measurement call WaitForControlledPodsRunning - WaitForRunningRCs error: incorrect objects number&#xA;namespace test-xgxult-2 object medium-rc-7 updating error: replicationcontrollers &#34;medium-rc-7&#34; not found&#xA;namespace test-xgxult-9 object medium-rc-9 updating error: replicationcontrollers &#34;medium-rc-9&#34; not found&#xA;namespace test-xgxult-5 object medium-rc-3 updating error: replicationcontrollers &#34;medium-rc-3&#34; not found&#xA;namespace test-xgxult-7 object medium-rc-8 updating error: replicationcontrollers &#34;medium-rc-8&#34; not found&#xA;namespace test-xgxult-4 object medium-rc-6 updating error: replicationcontrollers &#34;medium-rc-6&#34; not found&#xA;namespace test-xgxult-3 object medium-rc-0 updating error: replicationcontrollers &#34;medium-rc-0&#34; not found&#xA;namespace test-xgxult-7 object medium-rc-2 updating error: replicationcontrollers &#34;medium-rc-2&#34; not found&#xA;namespace test-xgxult-6 object medium-rc-7 updating error: replicationcontrollers &#34;medium-rc-7&#34; not found&#xA;namespace test-xgxult-5 object small-rc-22 updating error: replicationcontrollers &#34;small-rc-22&#34; not found&#xA;namespace test-xgxult-8 object small-rc-22 updating error: replicationcontrollers &#34;small-rc-22&#34; not found&#xA;namespace test-xgxult-6 object small-rc-34 updating error: replicationcontrollers &#34;small-rc-34&#34; not found&#xA;namespace test-xgxult-7 object small-rc-11 updating error: replicationcontrollers &#34;small-rc-11&#34; not found&#xA;namespace test-xgxult-7 object small-rc-41 updating error: replicationcontrollers &#34;small-rc-41&#34; not found&#xA;namespace test-xgxult-1 object small-rc-40 updating error: replicationcontrollers &#34;small-rc-40&#34; not found&#xA;namespace test-xgxult-9 object small-rc-46 updating error: replicationcontrollers &#34;small-rc-46&#34; not found&#xA;namespace test-xgxult-5 object small-rc-29 updating error: replicationcontrollers &#34;small-rc-29&#34; not found&#xA;namespace test-xgxult-5 object small-rc-15 updating error: replicationcontrollers &#34;small-rc-15&#34; not found&#xA;namespace test-xgxult-3 object small-rc-0 updating error: replicationcontrollers &#34;small-rc-0&#34; not found&#xA;namespace test-xgxult-3 object small-rc-32 updating error: replicationcontrollers &#34;small-rc-32&#34; not found&#xA;namespace test-xgxult-6 object small-rc-21 updating error: replicationcontrollers &#34;small-rc-21&#34; not found&#xA;namespace test-xgxult-9 object small-rc-19 updating error: replicationcontrollers &#34;small-rc-19&#34; not found&#xA;namespace test-xgxult-4 object small-rc-37 updating error: replicationcontrollers &#34;small-rc-37&#34; not found&#xA;namespace test-xgxult-7 object small-rc-48 updating error: replicationcontrollers &#34;small-rc-48&#34; not found&#xA;namespace test-xgxult-8 object small-rc-46 updating error: replicationcontrollers &#34;small-rc-46&#34; not found&#xA;namespace test-xgxult-1 object small-rc-10 updating error: replicationcontrollers &#34;small-rc-10&#34; not found&#xA;namespace test-xgxult-4 object small-rc-8 updating error: replicationcontrollers &#34;small-rc-8&#34; not found&#xA;namespace test-xgxult-5 object small-rc-0 updating error: replicationcontrollers &#34;small-rc-0&#34; not found&#xA;namespace test-xgxult-7 object small-rc-12 updating error: replicationcontrollers &#34;small-rc-12&#34; not found&#xA;namespace test-xgxult-9 object small-rc-16 updating error: replicationcontrollers &#34;small-rc-16&#34; not found&#xA;namespace test-xgxult-1 object small-rc-35 updating error: replicationcontrollers &#34;small-rc-35&#34; not found&#xA;namespace test-xgxult-8 object small-rc-35 updating error: replicationcontrollers &#34;small-rc-35&#34; not found&#xA;namespace test-xgxult-7 object small-rc-26 updating error: replicationcontrollers &#34;small-rc-26&#34; not found&#xA;namespace test-xgxult-9 object small-rc-26 updating error: replicationcontrollers &#34;small-rc-26&#34; not found&#xA;namespace test-xgxult-7 object small-rc-2 updating error: replicationcontrollers &#34;small-rc-2&#34; not found&#xA;namespace test-xgxult-4 object small-rc-9 updating error: replicationcontrollers &#34;small-rc-9&#34; not found&#xA;namespace test-xgxult-7 object small-rc-8 updating error: replicationcontrollers &#34;small-rc-8&#34; not found&#xA;namespace test-xgxult-1 object small-rc-14 updating error: replicationcontrollers &#34;small-rc-14&#34; not found&#xA;namespace test-xgxult-7 object small-rc-6 updating error: replicationcontrollers &#34;small-rc-6&#34; not found&#xA;namespace test-xgxult-2 object small-rc-12 updating error: replicationcontrollers &#34;small-rc-12&#34; not found&#xA;namespace test-xgxult-6 object small-rc-23 updating error: replicationcontrollers &#34;small-rc-23&#34; not found&#xA;namespace test-xgxult-6 object small-rc-20 updating error: replicationcontrollers &#34;small-rc-20&#34; not found&#xA;namespace test-xgxult-1 object small-rc-45 updating error: replicationcontrollers &#34;small-rc-45&#34; not found&#xA;namespace test-xgxult-7 object small-rc-24 updating error: replicationcontrollers &#34;small-rc-24&#34; not found&#xA;measurement call WaitForControlledPodsRunning - WaitForRunningRCs error: incorrect objects number&#xA;measurement call WaitForControlledPodsRunning - WaitForRunningRCs error: incorrect objects number&#xA;measurement call APIResponsiveness - APIResponsiveness error: top latency metric: there should be no high-latency requests]&#xA;:0</failure>
      </testcase>
  </testsuite>