<?xml version="1.0" encoding="UTF-8"?>
  <testsuite name="ClusterLoaderV2" tests="1" failures="0" errors="0" time="185.747">
      <testcase name="./testing/density/config.yaml" classname="ClusterLoaderV2" time="185.747190588"></testcase>
  </testsuite>