<?xml version="1.0" encoding="UTF-8"?>
  <testsuite name="ClusterLoaderV2" tests="1" failures="1" errors="0" time="3208.374">
      <testcase name="./testing/load/config.yaml" classname="ClusterLoaderV2" time="3208.37422612">
          <failure type="Failure">:0&#xA;[measurement call WaitForControlledPodsRunning - WaitForRunningRCs error: incorrect objects number&#xA;measurement call WaitForControlledPodsRunning - WaitForRunningRCs error: incorrect objects number&#xA;measurement call WaitForControlledPodsRunning - WaitForRunningRCs error: incorrect objects number]&#xA;:0</failure>
      </testcase>
  </testsuite>