<?xml version="1.0" encoding="UTF-8"?>
  <testsuite name="ClusterLoaderV2" tests="1" failures="1" errors="0" time="2332.844">
      <testcase name="./testing/load/config.yaml" classname="ClusterLoaderV2" time="2332.844495188">
          <failure type="Failure">:0&#xA;[namespace test-1lqw5y-2 object small-rc-1 creation error: timed out waiting for the condition&#xA;namespace test-1lqw5y-1 object small-rc-77 creation error: timed out waiting for the condition&#xA;namespace test-1lqw5y-2 object small-rc-82 creation error: timed out waiting for the condition&#xA;namespace test-1lqw5y-1 object small-rc-135 creation error: timed out waiting for the condition&#xA;namespace test-1lqw5y-1 object small-rc-110 creation error: timed out waiting for the condition&#xA;namespace test-1lqw5y-4 object small-rc-70 creation error: timed out waiting for the condition&#xA;namespace test-1lqw5y-1 object small-rc-72 creation error: timed out waiting for the condition&#xA;namespace test-1lqw5y-4 object small-rc-93 creation error: timed out waiting for the condition&#xA;namespace test-1lqw5y-1 object small-rc-188 creation error: timed out waiting for the condition&#xA;namespace test-1lqw5y-1 object small-rc-53 creation error: timed out waiting for the condition&#xA;namespace test-1lqw5y-2 object small-rc-90 creation error: timed out waiting for the condition&#xA;namespace test-1lqw5y-3 object small-rc-166 creation error: timed out waiting for the condition&#xA;namespace test-1lqw5y-5 object small-rc-70 creation error: timed out waiting for the condition&#xA;namespace test-1lqw5y-1 object medium-rc-4 creation error: timed out waiting for the condition&#xA;namespace test-1lqw5y-4 object medium-rc-4 creation error: timed out waiting for the condition&#xA;namespace test-1lqw5y-1 object medium-rc-4 updating error: replicationcontrollers &#34;medium-rc-4&#34; not found&#xA;namespace test-1lqw5y-4 object medium-rc-4 updating error: replicationcontrollers &#34;medium-rc-4&#34; not found&#xA;namespace test-1lqw5y-4 object small-rc-93 updating error: replicationcontrollers &#34;small-rc-93&#34; not found&#xA;namespace test-1lqw5y-2 object small-rc-90 updating error: replicationcontrollers &#34;small-rc-90&#34; not found&#xA;namespace test-1lqw5y-2 object small-rc-82 updating error: replicationcontrollers &#34;small-rc-82&#34; not found&#xA;namespace test-1lqw5y-1 object small-rc-135 updating error: replicationcontrollers &#34;small-rc-135&#34; not found&#xA;namespace test-1lqw5y-5 object small-rc-70 updating error: replicationcontrollers &#34;small-rc-70&#34; not found&#xA;namespace test-1lqw5y-1 object small-rc-77 updating error: replicationcontrollers &#34;small-rc-77&#34; not found&#xA;namespace test-1lqw5y-1 object small-rc-53 updating error: replicationcontrollers &#34;small-rc-53&#34; not found&#xA;namespace test-1lqw5y-2 object small-rc-1 updating error: replicationcontrollers &#34;small-rc-1&#34; not found&#xA;namespace test-1lqw5y-4 object small-rc-70 updating error: replicationcontrollers &#34;small-rc-70&#34; not found&#xA;namespace test-1lqw5y-1 object small-rc-110 updating error: replicationcontrollers &#34;small-rc-110&#34; not found&#xA;namespace test-1lqw5y-3 object small-rc-166 updating error: replicationcontrollers &#34;small-rc-166&#34; not found&#xA;namespace test-1lqw5y-1 object small-rc-188 updating error: replicationcontrollers &#34;small-rc-188&#34; not found&#xA;namespace test-1lqw5y-1 object small-rc-72 updating error: replicationcontrollers &#34;small-rc-72&#34; not found&#xA;measurement call APIResponsiveness - APIResponsiveness error: top latency metric: there should be no high-latency requests]&#xA;:0</failure>
      </testcase>
  </testsuite>