<?xml version="1.0" encoding="UTF-8"?>
  <testsuite name="ClusterLoaderV2" tests="1" failures="1" errors="0" time="437.392">
      <testcase name="./testing/density/config.yaml" classname="ClusterLoaderV2" time="437.392792828">
          <failure type="Failure">:0&#xA;[measurement call APIResponsiveness - APIResponsiveness error: top latency metric: there should be no high-latency requests]&#xA;:0</failure>
      </testcase>
  </testsuite>