<?xml version="1.0" encoding="UTF-8"?>
  <testsuite name="ClusterLoaderV2" tests="1" failures="1" errors="0" time="472.508">
      <testcase name="./testing/density/config.yaml" classname="ClusterLoaderV2" time="472.508727291">
          <failure type="Failure">:0&#xA;[measurement call PodStartupLatency - PodStartupLatency error: pod startup: too high latency 99th percentile: 18.088329973s]&#xA;:0</failure>
      </testcase>
  </testsuite>